
Initial statistics: 2 variables; iteration 0; function evaluation 0; phase 1
Function value 8.5483347e+03; maximum gradient component mag 4.1975e+03
Var    Value     Gradient |Var    Value     Gradient |Var    Value     Gradient
  1 -0.19643  4.19752e+03 |  2 -0.09553 -5.93746e-08 |

 - final statistics:
2 variables; iteration 4; function evaluation 7
Function value 8.5244e+03; maximum gradient component mag 8.0681e-01
Exit code = 1;  converg criter 1.0000e+01
Var    Value     Gradient |Var    Value     Gradient |Var    Value     Gradient
  1 -0.20724  8.06808e-01 |  2 -0.09553 -5.93745e-08 |

Initial statistics: 4 variables; iteration 0; function evaluation 0; phase 2
Function value 8.5244212e+03; maximum gradient component mag -1.3822e+03
Var    Value     Gradient |Var    Value     Gradient |Var    Value     Gradient
  1 -0.79829 -1.35902e+02 |  2 -0.30009 -1.38224e+03 |  3 -0.20724  8.06808e-01
  4 -0.09553 -5.93745e-08 |

 - final statistics:
4 variables; iteration 10; function evaluation 14
Function value 8.4416e+03; maximum gradient component mag 4.5541e+00
Exit code = 1;  converg criter 1.0000e+01
Var    Value     Gradient |Var    Value     Gradient |Var    Value     Gradient
  1 -0.37034 -1.66756e+00 |  2 -0.26504  4.55413e+00 |  3 -0.31639 -2.46028e+00
  4 -0.09553 -5.93741e-08 |

Initial statistics: 7 variables; iteration 0; function evaluation 0; phase 3
Function value 8.4415761e+03; maximum gradient component mag -2.7845e+04
Var    Value     Gradient |Var    Value     Gradient |Var    Value     Gradient
  1 -0.37034 -1.66756e+00 |  2 -0.26504  4.55413e+00 |  3 -0.31639 -2.46028e+00
  4 -0.28112 -1.39075e+02 |  5  0.07163 -9.71091e+02 |  6 -0.40852 -2.78454e+04
  7 -0.09553 -5.93741e-08 |

 - final statistics:
7 variables; iteration 17; function evaluation 25
Function value 8.1184e+03; maximum gradient component mag -9.7108e-01
Exit code = 1;  converg criter 1.0000e+00
Var    Value     Gradient |Var    Value     Gradient |Var    Value     Gradient
  1 -0.38802 -1.15537e-01 |  2 -0.30175 -8.36889e-01 |  3 -0.29150 -6.33360e-01
  4 -0.24703 -1.20987e-02 |  5  0.10076  7.35354e-01 |  6 -0.37736 -9.71077e-01
  7 -0.09553 -5.93732e-08 |

Initial statistics: 27 variables; iteration 0; function evaluation 0; phase 4
Function value 8.1184116e+03; maximum gradient component mag -4.3046e+02
Var    Value     Gradient |Var    Value     Gradient |Var    Value     Gradient
  1 -0.38802 -1.15537e-01 |  2 -0.30175 -8.36889e-01 |  3 -0.29150 -6.33360e-01
  4 -0.24703 -1.20987e-02 |  5  0.10076  7.35354e-01 |  6 -0.37736 -9.71077e-01
  7 -0.09553 -5.93732e-08 |  8  0.13091 -1.38007e+01 |  9  0.14570  4.28565e+01
 10  0.14120 -1.11856e+02 | 11  0.15213  2.40140e+02 | 12  0.05873 -3.21204e+01
 13  0.15716  1.53759e+02 | 14  0.09414  6.50012e+01 | 15  0.20082 -1.18874e+02
 16  0.38287  1.61985e+02 | 17  0.18810 -4.30458e+02 | 18 -0.09021 -5.96786e+01
 19  0.02280  5.51258e+01 | 20 -0.15316  6.95595e+01 | 21  0.07785 -7.77689e+01
 22  0.97210  3.51776e-02 | 23  0.42109 -8.55476e+00 | 24  0.31731  6.12550e+01
 25  0.29694 -2.05137e+02 | 26  0.51203 -1.00677e+01 | 27  0.02408  1.23108e+01

Intermediate statistics: 27 variables; iteration 20; function evaluation 27; phase 4
Function value 8.0968977e+03; maximum gradient component mag 2.7999e+02
Var    Value     Gradient |Var    Value     Gradient |Var    Value     Gradient
  1 -0.40771 -4.02290e+00 |  2 -0.29974  2.79990e+02 |  3 -0.28632  2.97370e+01
  4 -0.25927 -5.15539e+01 |  5  0.10952 -1.66466e+02 |  6 -0.37521 -5.62871e+01
  7 -0.09553 -5.93732e-08 |  8  0.08412  1.70278e-01 |  9  0.10999  1.14896e+00
 10  0.15374 -5.45179e+01 | 11  0.14451  1.13727e+02 | 12  0.06250  4.15372e+01
 13  0.15109 -8.38031e+00 | 14  0.00343  2.40747e+01 | 15  0.16659 -5.48236e+01
 16  0.29581 -1.49610e+01 | 17  0.19090  5.06901e+01 | 18 -0.07956 -9.59079e+00
 19  0.01814  3.34370e+00 | 20 -0.34012  1.14907e+01 | 21 -0.02552 -1.16053e+01
 22  0.97257 -9.65334e-02 | 23  0.44298  9.08345e+00 | 24  0.07381  9.47763e+00
 25  0.27420 -2.04242e+01 | 26  0.49505  1.68283e+01 | 27  0.01508 -3.28621e+01

 - final statistics:
27 variables; iteration 37; function evaluation 46
Function value 8.0923e+03; maximum gradient component mag 5.6945e-01
Exit code = 1;  converg criter 1.0000e+00
Var    Value     Gradient |Var    Value     Gradient |Var    Value     Gradient
  1 -0.43777  1.99875e-02 |  2 -0.30392  4.26487e-01 |  3 -0.27467  1.18778e-01
  4 -0.24621 -3.65349e-02 |  5  0.11671  5.69449e-01 |  6 -0.37162 -2.07452e-01
  7 -0.09553 -5.93723e-08 |  8  0.07752 -4.01657e-02 |  9  0.10682  2.68191e-02
 10  0.17216 -1.01816e-01 | 11  0.14252  2.16805e-01 | 12  0.01603 -5.01829e-02
 13  0.13030  1.31181e-01 | 14 -0.00801  1.85765e-02 | 15  0.17398 -8.95770e-02
 16  0.26172 -4.19481e-02 | 17  0.17747 -4.39147e-02 | 18 -0.07715  1.31176e-02
 19  0.02297 -2.47713e-02 | 20 -0.39301  4.01333e-01 | 21 -0.05934 -5.03386e-01
 22  0.97152 -1.95292e-02 | 23  0.43962 -4.18908e-03 | 24 -0.39060 -1.60293e-02
 25  0.06884  1.72035e-02 | 26  0.48467  4.28791e-02 | 27  0.01719 -7.74183e-02

Initial statistics: 37 variables; iteration 0; function evaluation 0; phase 5
Function value 8.0923178e+03; maximum gradient component mag 4.3104e+01
Var    Value     Gradient |Var    Value     Gradient |Var    Value     Gradient
  1 -0.43777  1.99875e-02 |  2 -0.30392  4.26487e-01 |  3 -0.27467  1.18778e-01
  4 -0.24621 -3.65349e-02 |  5  0.11671  5.69449e-01 |  6 -0.37162 -2.07452e-01
  7 -0.78705  2.16816e+00 |  8 -0.40472 -1.53084e+01 |  9 -0.61417  4.31039e+01
 10 -0.84734 -2.16833e+01 | 11 -0.76378  2.94975e+00 | 12 -0.81005 -8.70802e+00
 13 -0.56561 -9.60360e-01 | 14 -0.09553 -5.93723e-08 | 15  0.07752 -4.01657e-02
 16  0.10682  2.68191e-02 | 17  0.15759  2.15608e-04 | 18  0.17216 -1.01816e-01
 19  0.14252  2.16805e-01 | 20  0.11728 -3.19099e-04 | 21  0.01603 -5.01829e-02
 22  0.13030  1.31181e-01 | 23 -0.00801  1.85765e-02 | 24  0.17398 -8.95770e-02
 25  0.15128 -2.79063e-03 | 26  0.26172 -4.19481e-02 | 27  0.17747 -4.39147e-02
 28 -0.07715  1.31176e-02 | 29  0.02297 -2.47713e-02 | 30 -0.39301  4.01333e-01
 31 -0.05934 -5.03386e-01 | 32  0.97152 -1.95292e-02 | 33  0.43962 -4.18908e-03
 34 -0.39060 -1.60293e-02 | 35  0.06884  1.72035e-02 | 36  0.48467  4.28791e-02
 37  0.01719 -7.74183e-02 |

Intermediate statistics: 37 variables; iteration 20; function evaluation 26; phase 5
Function value 8.0896400e+03; maximum gradient component mag -2.2888e+02
Var    Value     Gradient |Var    Value     Gradient |Var    Value     Gradient
  1 -0.43349  3.12948e+01 |  2 -0.30314  1.49372e+02 |  3 -0.27568  1.10711e+02
  4 -0.24503  1.44585e+01 |  5  0.11773  9.29497e+01 |  6 -0.37140 -2.28875e+02
  7 -0.78964  1.45910e+00 |  8 -0.39683 -1.09289e+01 |  9 -0.66945  1.78313e+01
 10 -0.80514 -9.54663e+00 | 11 -0.77003  1.05173e+00 | 12 -0.75709 -2.02540e+00
 13 -0.56562 -8.89279e-01 | 14 -0.09553 -5.93723e-08 | 15  0.07436 -1.88065e+00
 16  0.10440  1.21617e+00 | 17  0.15757  1.33011e-04 | 18  0.17224 -1.37265e+01
 19  0.14436  2.92321e+01 | 20  0.11731 -5.31893e-04 | 21  0.01523 -7.49686e+00
 22  0.12998  1.05371e+01 | 23 -0.00776  1.68329e+00 | 24  0.17343 -2.65598e+00
 25  0.15154 -2.66911e-03 | 26  0.25598 -5.43361e+00 | 27  0.17622  1.00494e+01
 28 -0.07703  5.69197e+00 | 29  0.02141 -6.63231e+00 | 30 -0.39794 -5.22022e+00
 31 -0.05832  5.08902e+00 | 32  0.97297  4.45681e-02 | 33  0.43533 -6.20216e+00
 34 -0.40079  3.07070e+00 | 35  0.05982 -5.96457e+00 | 36  0.48282  2.91058e+00
 37  0.01618 -4.54737e+00 |

 - final statistics:
37 variables; iteration 37; function evaluation 49
Function value 8.0889e+03; maximum gradient component mag -2.5927e-01
Exit code = 1;  converg criter 1.0000e+00
Var    Value     Gradient |Var    Value     Gradient |Var    Value     Gradient
  1 -0.43817 -5.33608e-02 |  2 -0.30390 -1.36036e-01 |  3 -0.27437 -1.96097e-01
  4 -0.24650 -1.11749e-02 |  5  0.11835  1.34569e-01 |  6 -0.37052  3.74466e-02
  7 -0.79541  8.96956e-02 |  8 -0.37431 -4.66467e-03 |  9 -0.69125  9.91563e-02
 10 -0.76876 -1.24760e-02 | 11 -0.77346 -2.34896e-03 | 12 -0.73962 -3.29613e-04
 13 -0.56425 -8.02853e-02 | 14 -0.09553 -5.93722e-08 | 15  0.07577 -3.19922e-03
 16  0.10622  2.44569e-02 | 17  0.15672  2.12437e-04 | 18  0.17118 -8.57456e-02
 19  0.14214  3.78480e-02 | 20  0.11846 -2.85341e-04 | 21  0.01261 -4.81900e-02
 22  0.12915  7.25054e-02 | 23 -0.01190 -7.38645e-02 | 24  0.17221  6.34033e-02
 25  0.16031 -1.91282e-03 | 26  0.25685  3.01332e-03 | 27  0.17611  1.48326e-02
 28 -0.07902 -2.30252e-02 | 29  0.02219  1.27916e-02 | 30 -0.39428 -5.09991e-04
 31 -0.05954 -1.72299e-02 | 32  0.96154 -6.12737e-02 | 33  0.44099 -2.59269e-01
 34 -0.39735 -6.76045e-02 | 35  0.06565  1.51263e-01 | 36  0.48097 -6.34027e-02
 37  0.01609 -2.86737e-02 |

Initial statistics: 39 variables; iteration 0; function evaluation 0; phase 6
Function value 8.0889013e+03; maximum gradient component mag -1.3356e+01
Var    Value     Gradient |Var    Value     Gradient |Var    Value     Gradient
  1 -0.43817 -5.33608e-02 |  2 -0.30390 -1.36036e-01 |  3 -0.27437 -1.96097e-01
  4 -0.24650 -1.11749e-02 |  5  0.11835  1.34569e-01 |  6 -0.37052  3.74466e-02
  7 -0.79541  8.96956e-02 |  8 -0.37431 -4.66467e-03 |  9 -0.69125  9.91563e-02
 10 -0.76876 -1.24760e-02 | 11 -0.77346 -2.34896e-03 | 12 -0.73962 -3.29613e-04
 13 -0.56425 -8.02853e-02 | 14 -0.09553 -5.93722e-08 | 15  0.07577 -3.19922e-03
 16  0.10622  2.44569e-02 | 17  0.15672  2.12437e-04 | 18  0.17118 -8.57456e-02
 19  0.14214  3.78480e-02 | 20  0.11846 -2.85341e-04 | 21  0.01261 -4.81900e-02
 22  0.12915  7.25054e-02 | 23 -0.01190 -7.38645e-02 | 24  0.17221  6.34033e-02
 25  0.16031 -1.91282e-03 | 26  0.25685  3.01332e-03 | 27  0.17611  1.48326e-02
 28 -0.07902 -2.30252e-02 | 29  0.02219  1.27916e-02 | 30  0.11399  6.33105e+00
 31  0.05415 -1.33565e+01 | 32 -0.39428 -5.09991e-04 | 33 -0.05954 -1.72299e-02
 34  0.96154 -6.12737e-02 | 35  0.44099 -2.59269e-01 | 36 -0.39735 -6.76045e-02
 37  0.06565  1.51263e-01 | 38  0.48097 -6.34027e-02 | 39  0.01609 -2.86737e-02

Intermediate statistics: 39 variables; iteration 20; function evaluation 23; phase 6
Function value 8.0887652e+03; maximum gradient component mag -1.4103e+02
Var    Value     Gradient |Var    Value     Gradient |Var    Value     Gradient
  1 -0.43927 -1.66390e+01 |  2 -0.30414 -1.41034e+02 |  3 -0.27398 -9.03037e+01
  4 -0.24841 -1.44447e+01 |  5  0.11853  7.39321e+01 |  6 -0.37050 -1.28173e+02
  7 -0.79330  5.76228e-01 |  8 -0.37443 -4.42136e-02 |  9 -0.68989  9.33711e-01
 10 -0.76884  1.36286e-01 | 11 -0.77333  4.82803e-02 | 12 -0.74057 -1.01257e-01
 13 -0.56442 -1.62596e-01 | 14 -0.09553 -5.93722e-08 | 15  0.07557 -4.17734e+00
 16  0.10773  6.74494e+00 | 17  0.15671  1.41743e-04 | 18  0.17062 -2.22313e+00
 19  0.14167  2.09013e+00 | 20  0.11848 -4.14878e-04 | 21  0.01337 -7.09209e+00
 22  0.12970  1.16780e+01 | 23 -0.01571 -6.36227e+00 | 24  0.17252  1.06996e+01
 25  0.16041 -1.99108e-03 | 26  0.25784 -1.31090e+00 | 27  0.17682  4.14603e+00
 28 -0.07833  2.06072e-01 | 29  0.02284  2.90267e-01 | 30  0.18582  2.00665e+00
 31  0.10829 -4.00441e+00 | 32 -0.39334  1.54316e+00 | 33 -0.06015 -1.58347e+00
 34  0.96476 -4.10336e-02 | 35  0.44045 -8.41361e-01 | 36 -0.39741 -9.55242e-01
 37  0.06658  1.76915e+00 | 38  0.48293 -7.08049e+00 | 39  0.01888  1.40795e+01

 - final statistics:
39 variables; iteration 40; function evaluation 48
Function value 8.0887e+03; maximum gradient component mag 2.7588e-02
Exit code = 1;  converg criter 1.0000e+00
Var    Value     Gradient |Var    Value     Gradient |Var    Value     Gradient
  1 -0.43789  2.83242e-03 |  2 -0.30392  2.75882e-02 |  3 -0.27443  1.69496e-02
  4 -0.24655  1.64018e-03 |  5  0.11801 -1.50604e-02 |  6 -0.37069  2.74849e-02
  7 -0.79575 -5.79075e-04 |  8 -0.37435  2.17065e-04 |  9 -0.69100  1.04274e-04
 10 -0.76873  9.74489e-05 | 11 -0.77351 -1.63688e-04 | 12 -0.73998 -6.01931e-04
 13 -0.56406  1.32337e-04 | 14 -0.09553 -5.93720e-08 | 15  0.07572  7.73158e-04
 16  0.10618 -8.59500e-04 | 17  0.15573  1.93369e-04 | 18  0.17147 -1.14630e-03
 19  0.14225  9.43971e-04 | 20  0.11977 -2.49967e-04 | 21  0.01266  1.92414e-03
 22  0.12918 -2.16588e-03 | 23 -0.01129  7.80452e-05 | 24  0.17246 -9.33276e-04
 25  0.16850 -1.39828e-03 | 26  0.25751  3.53469e-04 | 27  0.17628  6.70970e-04
 28 -0.07883 -8.51559e-04 | 29  0.02225 -2.18096e-04 | 30  0.18953 -1.00470e-03
 31  0.11502  1.12572e-03 | 32 -0.39388  5.74225e-04 | 33 -0.05926  7.82386e-05
 34  0.97479  2.49763e-03 | 35  0.44116 -2.02237e-03 | 36 -0.39641  4.04592e-04
 37  0.06600  6.78914e-04 | 38  0.48179  1.34130e-03 | 39  0.01641 -2.80890e-03

Initial statistics: 175 variables; iteration 0; function evaluation 0; phase 7
Function value 8.0886897e+03; maximum gradient component mag -7.1263e+02
Var    Value     Gradient |Var    Value     Gradient |Var    Value     Gradient
  1 -0.43789  2.83242e-03 |  2 -0.30392  2.75882e-02 |  3 -0.27443  1.69496e-02
  4 -0.24655  1.64018e-03 |  5 -0.57847 -7.12633e+02 |  6  0.11801 -1.50604e-02
  7 -0.37069  2.74849e-02 |  8  0.00000  5.26759e+00 |  9  0.00000  5.44397e+00
 10  0.00000  5.62579e+00 | 11  0.00000  5.81334e+00 | 12  0.00000  6.00653e+00
 13  0.00000  6.20589e+00 | 14  0.00000  6.41148e+00 | 15  0.00000  6.62360e+00
 16  0.00000  6.84258e+00 | 17  0.00000  7.06816e+00 | 18  0.00000  7.30074e+00
 19  0.00000  7.54031e+00 | 20  0.00000  7.78702e+00 | 21  0.00000  8.04147e+00
 22  0.00000  8.30486e+00 | 23  0.00000  8.57652e+00 | 24  0.00000  8.85609e+00
 25  0.00000  9.14457e+00 | 26  0.00000  9.44040e+00 | 27  0.00000  9.74785e+00
 28  0.00000  1.00626e+01 | 29  0.00000  1.03876e+01 | 30  0.00000  1.07231e+01
 31  0.00000  1.10698e+01 | 32  0.00000  1.14300e+01 | 33  0.00000  1.18070e+01
 34  0.00000  1.22071e+01 | 35  0.00000  1.26349e+01 | 36  0.00000  1.30978e+01
 37  0.00000  1.36045e+01 | 38  0.00000  1.41612e+01 | 39  0.00000  1.47788e+01
 40  0.00000  1.54609e+01 | 41  0.00000  1.62105e+01 | 42  0.00000  1.70229e+01
 43  0.00000  1.78980e+01 | 44  0.00000  1.88247e+01 | 45  0.00000  1.97896e+01
 46  0.00000  2.07746e+01 | 47  0.00000  2.17467e+01 | 48  0.00000  2.26983e+01
 49  0.00000  2.36291e+01 | 50  0.00000  2.45478e+01 | 51  0.00000  2.54837e+01
 52  0.00000  2.64771e+01 | 53  0.00000  2.75738e+01 | 54  0.00000  2.88042e+01
 55  0.00000  3.01681e+01 | 56  0.00000  3.16150e+01 | 57  0.00000  3.30492e+01
 58  0.00000  3.43372e+01 | 59  0.00000  3.53373e+01 | 60  0.00000  3.59065e+01
 61  0.00000  3.59248e+01 | 62  0.00000  3.53140e+01 | 63  0.00000  3.40666e+01
 64  0.00000  3.23580e+01 | 65  0.00000  3.05642e+01 | 66  0.00000  2.92957e+01
 67  0.00000  2.92559e+01 | 68  0.00000  3.10738e+01 | 69  0.00000  3.52154e+01
 70  0.00000  4.17154e+01 | 71  0.00000  4.99803e+01 | 72  0.00000  5.89065e+01
 73  0.00000  6.73172e+01 | 74  0.00000  7.43775e+01 | 75  0.00000  7.98379e+01
 76  0.00000  8.40149e+01 | 77  0.00000  8.75836e+01 | 78  0.00000  9.14141e+01
 79  0.00000  9.65113e+01 | 80  0.00000  1.03040e+02 | 81  0.00000  1.08825e+02
 82  0.00000  1.09266e+02 | 83  0.00000  9.95203e+01 | 84  0.00000  7.91644e+01
 85  0.00000  5.26621e+01 | 86  0.00000  1.94230e+01 | 87  0.00000 -2.28836e+01
 88  0.00000 -6.66207e+01 | 89  0.00000 -1.09950e+02 | 90  0.00000 -1.41788e+02
 91  0.00000 -1.47762e+02 | 92  0.00000 -1.44425e+02 | 93  0.00000 -1.52579e+02
 94  0.00000 -1.76120e+02 | 95  0.00000 -1.95871e+02 | 96  0.00000 -2.19424e+02
 97  0.00000 -2.48460e+02 | 98  0.00000 -3.10555e+02 | 99  0.00000 -3.73023e+02
100  0.00000 -4.38329e+02 |101  0.00000 -4.64136e+02 |102  0.00000 -4.20951e+02
103  0.00000 -3.19026e+02 |104  0.00000 -1.59974e+02 |105  0.00000  3.47868e+01
106  0.00000  2.24707e+02 |107  0.00000  3.80434e+02 |108  0.00000  4.78635e+02
109  0.00000  5.11281e+02 |110  0.00000  4.83736e+02 |111  0.00000  4.02572e+02
112  0.00000  3.27451e+02 |113  0.00000  3.17610e+02 |114  0.00000  3.53582e+02
115  0.00000  3.45824e+02 |116  0.00000  2.87731e+02 |117  0.00000  1.99267e+02
118  0.00000  1.27849e+02 |119  0.00000  7.28064e+01 |120  0.00000 -1.90496e+01
121  0.00000 -1.04503e+02 |122  0.00000 -1.02570e+02 |123  0.00000 -6.68245e+01
124  0.00000 -1.08178e+02 |125  0.00000 -1.96170e+02 |126  0.00000 -2.91390e+02
127  0.00000 -3.66228e+02 |128  0.00000 -3.47537e+02 |129  0.00000 -2.78818e+02
130  0.00000 -2.15374e+02 |131  0.00000 -1.78896e+02 |132  0.00000 -1.88642e+02
133  0.00000 -1.28999e+02 |134  0.00000 -6.26144e+01 |135  0.00000  1.05207e+01
136  0.00000  6.18817e+01 |137  0.00000  6.20648e+01 |138  0.00000  4.92856e+01
139  0.00000  3.83382e+01 |140  0.00000  2.67025e+01 |141  0.00000  1.86957e+01
142  0.00000  1.54716e+01 |143 -0.79575 -5.79075e-04 |144 -0.37435  2.17065e-04
145 -0.69100  1.04274e-04 |146 -0.76873  9.74489e-05 |147 -0.77351 -1.63688e-04
148 -0.73998 -6.01931e-04 |149 -0.56406  1.32337e-04 |150 -0.09553 -5.93720e-08
151  0.07572  7.73158e-04 |152  0.10618 -8.59500e-04 |153  0.15573  1.93369e-04
154  0.17147 -1.14630e-03 |155  0.14225  9.43971e-04 |156  0.11977 -2.49967e-04
157  0.01266  1.92414e-03 |158  0.12918 -2.16588e-03 |159 -0.01129  7.80452e-05
160  0.17246 -9.33276e-04 |161  0.16850 -1.39828e-03 |162  0.25751  3.53469e-04
163  0.17628  6.70970e-04 |164 -0.07883 -8.51559e-04 |165  0.02225 -2.18096e-04
166  0.18953 -1.00470e-03 |167  0.11502  1.12572e-03 |168 -0.39388  5.74225e-04
169 -0.05926  7.82386e-05 |170  0.97479  2.49763e-03 |171  0.44116 -2.02237e-03
172 -0.39641  4.04592e-04 |173  0.06600  6.78914e-04 |174  0.48179  1.34130e-03
175  0.01641 -2.80890e-03 |

Intermediate statistics: 175 variables; iteration 20; function evaluation 31; phase 7
Function value 7.7336264e+03; maximum gradient component mag 2.5609e+03
Var    Value     Gradient |Var    Value     Gradient |Var    Value     Gradient
  1 -0.49357  3.60355e+02 |  2 -0.31192  2.56086e+03 |  3 -0.24272  2.13879e+03
  4 -0.27012 -1.03948e+02 |  5 -0.57517 -8.77255e+02 |  6  0.12011 -4.24641e+02
  7 -0.36688  1.24258e+03 |  8  0.00142  5.24015e+00 |  9  0.00146  5.41537e+00
 10  0.00149  5.59613e+00 | 11  0.00152  5.78258e+00 | 12  0.00155  5.97475e+00
 13  0.00158  6.17290e+00 | 14  0.00161  6.37719e+00 | 15  0.00164  6.58792e+00
 16  0.00166  6.80505e+00 | 17  0.00169  7.02885e+00 | 18  0.00171  7.25945e+00
 19  0.00173  7.49705e+00 | 20  0.00175  7.74162e+00 | 21  0.00177  7.99353e+00
 22  0.00179  8.25259e+00 | 23  0.00180  8.51911e+00 | 24  0.00181  8.79368e+00
 25  0.00181  9.07626e+00 | 26  0.00182  9.36728e+00 | 27  0.00183  9.66637e+00
 28  0.00183  9.97412e+00 | 29  0.00184  1.02909e+01 | 30  0.00184  1.06165e+01
 31  0.00184  1.09503e+01 | 32  0.00183  1.12919e+01 | 33  0.00179  1.16398e+01
 34  0.00171  1.19922e+01 | 35  0.00156  1.23471e+01 | 36  0.00132  1.27020e+01
 37  0.00097  1.30540e+01 | 38  0.00047  1.33988e+01 | 39 -0.00018  1.37369e+01
 40 -0.00100  1.40657e+01 | 41 -0.00200  1.43843e+01 | 42 -0.00314  1.46925e+01
 43 -0.00440  1.49935e+01 | 44 -0.00574  1.52899e+01 | 45 -0.00710  1.55870e+01
 46 -0.00843  1.58903e+01 | 47 -0.00965  1.61954e+01 | 48 -0.01072  1.65150e+01
 49 -0.01162  1.68579e+01 | 50 -0.01239  1.72245e+01 | 51 -0.01309  1.76143e+01
 52 -0.01384  1.80213e+01 | 53 -0.01475  1.84402e+01 | 54 -0.01591  1.88670e+01
 55 -0.01730  1.93037e+01 | 56 -0.01880  1.97577e+01 | 57 -0.02020  2.02485e+01
 58 -0.02120  2.08056e+01 | 59 -0.02148  2.14727e+01 | 60 -0.02071  2.22953e+01
 61 -0.01860  2.33172e+01 | 62 -0.01491  2.45685e+01 | 63 -0.00953  2.60369e+01
 64 -0.00266  2.76691e+01 | 65  0.00498  2.93283e+01 | 66  0.01199  3.08495e+01
 67  0.01654  3.20664e+01 | 68  0.01685  3.28075e+01 | 69  0.01198  3.29611e+01
 70  0.00258  3.24859e+01 | 71 -0.00900  3.15447e+01 | 72 -0.01984  3.05208e+01
 73 -0.02776  2.97894e+01 | 74 -0.03192  2.94867e+01 | 75 -0.03263  2.94836e+01
 76 -0.03109  2.94877e+01 | 77 -0.02894  2.92440e+01 | 78 -0.02824  2.86175e+01
 79 -0.03195  2.74333e+01 | 80 -0.04170  2.54773e+01 | 81 -0.05423  2.28050e+01
 82 -0.06270  1.98382e+01 | 83 -0.06026  1.71250e+01 | 84 -0.04560  1.47007e+01
 85 -0.02977  1.16033e+01 | 86 -0.01800  7.79506e+00 | 87  0.00330  4.68876e+00
 88  0.01911  3.50156e+00 | 89  0.04897  7.07155e+00 | 90  0.09782  1.11709e+01
 91  0.04589  2.46427e+00 | 92 -0.01902 -1.06528e+01 | 93 -0.02319 -1.49549e+01
 94  0.03333 -1.06358e+01 | 95  0.04651 -3.56890e+00 | 96  0.10228 -2.38667e+01
 97 -0.12411 -4.93908e+01 | 98 -0.12130 -5.98437e+01 | 99 -0.10818 -4.30884e+01
100  0.10816  9.89880e+00 |101  0.15461  5.97535e+01 |102  0.12181  7.45803e+00
103 -0.09375 -4.18944e+01 |104 -0.17347 -5.54807e+01 |105  0.03233 -6.31087e+01
106 -0.01040 -5.99130e+00 |107 -0.04856  2.71303e+01 |108 -0.07246  3.65607e+01
109 -0.08315  3.55102e+01 |110 -0.07871  3.18493e+01 |111 -0.05440  2.18939e+01
112 -0.00058  1.96056e+01 |113 -0.01279  2.82773e+01 |114 -0.06902  3.33369e+01
115 -0.07767  3.30268e+01 |116 -0.06562  2.60211e+01 |117 -0.01268  2.10291e+01
118  0.03612  1.60126e+01 |119 -0.03818  4.73387e+00 |120 -0.01993  1.01137e+01
121  0.14788  6.53784e+01 |122  0.08897  2.74749e+01 |123 -0.13467 -3.04299e+01
124 -0.02558 -2.11707e+01 |125  0.13431  2.06184e+00 |126 -0.09819 -2.82409e+01
127  0.23786  2.88470e+00 |128 -0.02294 -3.94237e+01 |129  0.06540 -5.63946e+01
130  0.15460 -1.92831e+01 |131 -0.02332 -1.68884e+01 |132  0.18695  2.28993e+00
133  0.07722  4.11987e+00 |134  0.11741  7.91343e+00 |135  0.04096  2.75356e+00
136 -0.05818 -5.97823e+00 |137 -0.06790 -7.49562e+00 |138 -0.07343 -6.86275e+00
139 -0.07560 -6.11627e+00 |140 -0.04938 -2.60578e+00 |141 -0.02457 -3.63347e-01
142 -0.01825  2.18838e-01 |143 -0.82264 -1.09477e+00 |144 -0.38238 -1.01509e+01
145 -0.70286  1.93840e+01 |146 -0.80096 -1.10750e+01 |147 -0.78901 -3.16911e+00
148 -0.73556 -3.23545e+00 |149 -0.58103 -3.61138e+00 |150 -0.09553 -5.93720e-08
151  0.12946  1.31821e+01 |152  0.14029 -2.16302e+01 |153  0.15573  3.45027e-04
154  0.27573 -2.14038e+01 |155  0.20802  1.02292e+02 |156  0.11978  3.94707e-04
157  0.10357  5.25371e+00 |158  0.17784  1.04426e+02 |159  0.02660  8.96842e+01
160  0.16537 -1.60774e+02 |161  0.16851  2.92576e-04 |162  0.44651  8.68389e+00
163  0.22329  9.85619e+01 |164 -0.14515  8.39120e+00 |165 -0.02035 -1.72749e+01
166  0.15880  6.98974e+00 |167  0.07745 -7.03515e+00 |168 -0.25787  5.01013e+00
169  0.00401 -2.33451e+01 |170  0.97556  3.89401e-02 |171  0.42750 -9.45040e+00
172 -0.24794  1.96354e+00 |173  0.10059 -3.13217e+01 |174  0.46046  4.73388e+01
175  0.00128 -7.45363e+01 |
175 variables; iteration 40; function evaluation 52; phase 7
Function value 7.6974190e+03; maximum gradient component mag 1.2028e+03
Var    Value     Gradient |Var    Value     Gradient |Var    Value     Gradient
  1 -0.49097  1.71487e+02 |  2 -0.30961  1.20285e+03 |  3 -0.25061  9.58947e+02
  4 -0.29192 -1.18780e+02 |  5 -0.55782 -5.29879e+02 |  6  0.12112  4.60561e+02
  7 -0.36859 -1.51367e+02 |  8  0.00179  7.16627e-03 |  9  0.00186  8.89534e-03
 10  0.00192  1.08047e-02 | 11  0.00199  1.29156e-02 | 12  0.00206  1.52669e-02
 13  0.00213  1.78574e-02 | 14  0.00221  2.07309e-02 | 15  0.00229  2.39212e-02
 16  0.00237  2.74341e-02 | 17  0.00245  3.13831e-02 | 18  0.00253  3.58189e-02
 19  0.00262  4.08465e-02 | 20  0.00272  4.64701e-02 | 21  0.00281  5.28553e-02
 22  0.00291  5.98564e-02 | 23  0.00300  6.77079e-02 | 24  0.00310  7.68571e-02
 25  0.00321  8.73155e-02 | 26  0.00333  9.95254e-02 | 27  0.00345  1.13162e-01
 28  0.00358  1.29031e-01 | 29  0.00372  1.47395e-01 | 30  0.00386  1.68341e-01
 31  0.00402  1.91935e-01 | 32  0.00416  2.18039e-01 | 33  0.00429  2.46078e-01
 34  0.00437  2.74857e-01 | 35  0.00438  3.03199e-01 | 36  0.00429  3.29380e-01
 37  0.00405  3.51408e-01 | 38  0.00362  3.67273e-01 | 39  0.00298  3.75168e-01
 40  0.00212  3.73909e-01 | 41  0.00102  3.62876e-01 | 42 -0.00028  3.41839e-01
 43 -0.00176  3.12057e-01 | 44 -0.00336  2.74779e-01 | 45 -0.00501  2.31931e-01
 46 -0.00663  1.85711e-01 | 47 -0.00813  1.37730e-01 | 48 -0.00945  8.93239e-02
 49 -0.01059  3.96533e-02 | 50 -0.01158 -1.53741e-02 | 51 -0.01254 -8.38071e-02
 52 -0.01365 -1.77035e-01 | 53 -0.01512 -3.07759e-01 | 54 -0.01707 -4.86469e-01
 55 -0.01953 -7.18419e-01 | 56 -0.02233 -1.00007e+00 | 57 -0.02518 -1.31781e+00
 58 -0.02765 -1.64642e+00 | 59 -0.02929 -1.95167e+00 | 60 -0.02965 -2.19385e+00
 61 -0.02826 -2.33645e+00 | 62 -0.02468 -2.35536e+00 | 63 -0.01848 -2.25111e+00
 64 -0.00956 -2.07597e+00 | 65  0.00141 -1.93417e+00 | 66  0.01250 -1.93516e+00
 67  0.02023 -2.07720e+00 | 68  0.02045 -2.20505e+00 | 69  0.01136 -2.22948e+00
 70 -0.00443 -2.30822e+00 | 71 -0.02182 -2.53056e+00 | 72 -0.03607 -2.59072e+00
 73 -0.04449 -2.04476e+00 | 74 -0.04638 -6.52530e-01 | 75 -0.04246  1.55211e+00
 76 -0.03460  4.31568e+00 | 77 -0.02555  7.20803e+00 | 78 -0.01941  9.52893e+00
 79 -0.02247  1.01745e+01 | 80 -0.03762  8.34369e+00 | 81 -0.05787  4.62444e+00
 82 -0.07225  4.40434e-01 | 83 -0.07203 -3.09472e+00 | 84 -0.05582 -5.81621e+00
 85 -0.03215 -7.08485e+00 | 86 -0.01399 -9.51418e+00 | 87  0.02736 -1.44141e+01
 88  0.01845 -2.27243e+01 | 89 -0.05329 -2.93373e+01 | 90  0.13960 -2.86607e+01
 91 -0.03464 -1.96116e+01 | 92 -0.00407 -5.03066e+00 | 93  0.01475  7.37359e+00
 94  0.06442  2.27822e+01 | 95  0.02090  1.10839e+01 | 96  0.08914  1.13039e+01
 97 -0.09257 -3.36204e+01 | 98 -0.02445 -4.23551e+01 | 99 -0.11156 -3.80428e+01
100  0.11976 -2.31259e+00 |101  0.08724  1.48859e+01 |102  0.14401  2.41872e+00
103 -0.16749 -4.47480e+01 |104 -0.12814 -4.25841e+01 |105  0.06513 -1.33131e+01
106 -0.07155 -2.82654e+00 |107 -0.05746  2.90270e+01 |108 -0.07729  3.25758e+01
109 -0.08787  2.88341e+01 |110 -0.08676  2.12885e+01 |111 -0.06669  7.94980e+00
112 -0.00916  7.10755e+00 |113 -0.01993  2.27542e+01 |114 -0.07761  2.95278e+01
115 -0.08029  3.21121e+01 |116 -0.07052  2.19208e+01 |117 -0.01811  1.39549e+01
118  0.03821  4.75965e+00 |119 -0.04230 -6.47508e+00 |120 -0.03494 -8.55984e+00
121  0.14911  1.67372e+00 |122  0.05376 -1.44485e+01 |123 -0.06353 -2.69158e+01
124 -0.03708 -3.57680e+01 |125  0.12537 -3.12696e+01 |126 -0.08012 -2.73479e+01
127  0.24188  4.27719e+01 |128 -0.03857 -2.54179e+01 |129  0.14585 -1.51664e+01
130  0.10543 -1.43956e+01 |131 -0.00441 -1.33635e+01 |132  0.21713  4.28670e+01
133  0.07620  6.62201e+00 |134  0.10573 -9.23023e+00 |135  0.05282 -3.72257e+00
136 -0.03248 -1.06938e+00 |137 -0.04603 -2.28525e+00 |138 -0.05737 -3.36557e+00
139 -0.06212 -3.05725e+00 |140 -0.04420 -1.90329e+00 |141 -0.02494 -9.57015e-01
142 -0.01862 -4.12016e-01 |143 -0.82555 -1.48565e+00 |144 -0.36807 -3.29157e+00
145 -0.69681  1.69652e+01 |146 -0.79429 -3.13852e+00 |147 -0.77804 -2.45702e+00
148 -0.72867 -1.56269e+00 |149 -0.57736 -1.27553e+00 |150 -0.09553 -5.93720e-08
151  0.64541 -9.79918e+00 |152  0.30389  8.72435e+01 |153  0.15572  6.92792e-04
154  0.22488 -3.57000e+01 |155  0.17840  7.54418e+01 |156  0.11984 -6.17603e-04
157  0.08787 -5.95286e+01 |158  0.16371  1.31751e+02 |159  0.04248  6.38582e+01
160  0.17486 -1.16783e+02 |161  0.16874  3.48500e-04 |162  0.43253  2.98964e+01
163  0.20745  9.31859e+00 |164 -0.16012 -6.84475e+01 |165  0.00005  6.27593e+01
166 -0.08029 -9.88565e+00 |167 -0.12584 -3.14926e+00 |168 -0.09880  4.15764e+00
169  0.11542  2.08320e+01 |170  0.99173  2.22665e-01 |171  0.42392 -1.16817e+01
172  0.30222  8.95664e+00 |173  0.29578 -2.64911e+01 |174  0.47483  5.97881e+01
175  0.00674 -8.98119e+01 |
175 variables; iteration 60; function evaluation 74; phase 7
Function value 7.6570918e+03; maximum gradient component mag -4.7040e+02
Var    Value     Gradient |Var    Value     Gradient |Var    Value     Gradient
  1 -0.49063 -2.09974e+01 |  2 -0.31132 -1.70331e+02 |  3 -0.25774 -1.60272e+02
  4 -0.27650  1.24010e+01 |  5 -0.53937  4.21896e+01 |  6  0.09743  2.94170e+02
  7 -0.38870 -4.70404e+02 |  8  0.00289 -1.35682e+00 |  9  0.00299 -1.40242e+00
 10  0.00310 -1.44961e+00 | 11  0.00321 -1.49842e+00 | 12  0.00332 -1.54888e+00
 13  0.00343 -1.60106e+00 | 14  0.00355 -1.65506e+00 | 15  0.00367 -1.71102e+00
 16  0.00380 -1.76889e+00 | 17  0.00393 -1.82889e+00 | 18  0.00406 -1.89105e+00
 19  0.00420 -1.95557e+00 | 20  0.00434 -2.02248e+00 | 21  0.00448 -2.09191e+00
 22  0.00462 -2.16361e+00 | 23  0.00476 -2.23804e+00 | 24  0.00491 -2.31563e+00
 25  0.00506 -2.39630e+00 | 26  0.00521 -2.48079e+00 | 27  0.00536 -2.56804e+00
 28  0.00551 -2.65953e+00 | 29  0.00566 -2.75479e+00 | 30  0.00581 -2.85378e+00
 31  0.00596 -2.95626e+00 | 32  0.00610 -3.06152e+00 | 33  0.00622 -3.16830e+00
 34  0.00630 -3.27426e+00 | 35  0.00633 -3.37735e+00 | 36  0.00630 -3.47457e+00
 37  0.00618 -3.56210e+00 | 38  0.00595 -3.63556e+00 | 39  0.00559 -3.69285e+00
 40  0.00511 -3.73086e+00 | 41  0.00449 -3.74800e+00 | 42  0.00376 -3.74519e+00
 43  0.00292 -3.72353e+00 | 44  0.00202 -3.68724e+00 | 45  0.00108 -3.64303e+00
 46  0.00015 -3.59911e+00 | 47 -0.00072 -3.56124e+00 | 48 -0.00149 -3.53884e+00
 49 -0.00217 -3.53641e+00 | 50 -0.00277 -3.55025e+00 | 51 -0.00334 -3.57100e+00
 52 -0.00398 -3.58285e+00 | 53 -0.00479 -3.56825e+00 | 54 -0.00585 -3.51368e+00
 55 -0.00716 -3.41650e+00 | 56 -0.00860 -3.28824e+00 | 57 -0.01000 -3.15714e+00
 58 -0.01111 -3.06281e+00 | 59 -0.01167 -3.05327e+00 | 60 -0.01143 -3.17895e+00
 61 -0.01014 -3.48813e+00 | 62 -0.00747 -4.02016e+00 | 63 -0.00316 -4.80413e+00
 64  0.00276 -5.87624e+00 | 65  0.00966 -7.19832e+00 | 66  0.01701 -8.45187e+00
 67  0.02335 -9.19097e+00 | 68  0.02433 -9.13883e+00 | 69  0.01785 -8.11273e+00
 70  0.00706 -6.18711e+00 | 71 -0.00581 -4.15712e+00 | 72 -0.01587 -2.06672e+00
 73 -0.02024  3.51668e-01 | 74 -0.02165  2.19376e+00 | 75 -0.02175  3.01535e+00
 76 -0.02085  3.14442e+00 | 77 -0.01944  3.11655e+00 | 78 -0.01933  3.29305e+00
 79 -0.02383  3.90769e+00 | 80 -0.03444  4.87945e+00 | 81 -0.04740  5.59262e+00
 82 -0.05525  5.75085e+00 | 83 -0.04901  6.21738e+00 | 84 -0.02026  9.16018e+00
 85 -0.00876  3.45734e+00 | 86  0.01031 -1.71090e+00 | 87  0.00902 -1.47308e+01
 88  0.01259 -2.19502e+01 | 89  0.06538 -2.77136e+01 | 90  0.07828 -3.01406e+01
 91  0.05137 -1.68751e+01 | 92  0.00611 -9.57068e+00 | 93  0.02131 -4.99859e+00
 94  0.06409 -8.57099e+00 | 95 -0.00064 -1.72603e+01 | 96  0.06095 -1.74470e+01
 97 -0.01397 -2.28001e+01 | 98  0.00568 -3.48305e+01 | 99 -0.01332 -3.73580e+01
100  0.06974 -4.13043e+01 |101  0.06755 -2.78950e+01 |102  0.13046 -1.88639e+01
103 -0.08902 -2.90668e+01 |104 -0.06186 -1.87375e+01 |105  0.03523  3.80408e+01
106 -0.07222  1.85980e+01 |107 -0.09291  2.87401e+01 |108 -0.09040  4.57580e+01
109 -0.11284  3.69685e+01 |110 -0.09612  4.73350e+01 |111 -0.06167  4.69811e+01
112 -0.03166  3.09175e+01 |113 -0.04664  3.11205e+01 |114 -0.09474  3.58268e+01
115 -0.10071  3.57610e+01 |116 -0.07623  3.37910e+01 |117 -0.03557  1.77755e+01
118 -0.00998  4.07800e+00 |119 -0.02585  5.12339e+00 |120 -0.00561 -6.72435e+00
121  0.09218 -4.39992e+01 |122  0.01506 -2.92168e+01 |123 -0.03878 -1.22852e+01
124  0.01177 -4.13046e+00 |125  0.08767 -8.55798e+00 |126 -0.01716 -2.69450e+01
127  0.17562 -3.97797e+01 |128  0.03043 -2.64368e+01 |129  0.11852 -7.63534e+00
130  0.07785 -9.28165e+00 |131  0.03930 -1.33713e+01 |132  0.14814 -3.41589e+01
133  0.05845 -1.98584e+01 |134  0.09216 -1.63620e+01 |135  0.01991 -6.99704e+00
136 -0.02527  5.83138e+00 |137 -0.01522  1.30439e+01 |138 -0.01583  1.21884e+01
139 -0.02530  7.75398e+00 |140 -0.01376  5.44786e+00 |141 -0.00069  4.18635e+00
142  0.00372  3.72152e+00 |143 -0.80338  3.13447e-01 |144 -0.37435  6.50385e+00
145 -0.65390  1.32332e+01 |146 -0.80368  2.81631e+00 |147 -0.77095  4.29563e-02
148 -0.76515 -6.47726e-01 |149 -0.57129  1.29285e+00 |150 -0.09553 -5.93719e-08
151  0.21239 -1.68343e+00 |152  0.17548  8.22544e+00 |153  0.15540  1.13229e-04
154  0.19164 -1.39198e+01 |155  0.15986  2.08849e+00 |156  0.11999 -6.25835e-04
157  0.06640 -2.35117e+01 |158  0.15095  1.23134e+01 |159  0.00852 -2.45937e+00
160  0.17351 -2.38778e+00 |161  0.16946 -3.59080e-04 |162  0.35103  2.82232e+01
163  0.17486 -8.64184e+01 |164 -0.10288 -3.55871e+00 |165  0.01940  8.70366e+00
166  0.15505  4.18507e+00 |167  0.07481 -4.30740e+00 |168 -0.14935 -8.21443e+00
169  0.08406  1.62458e+01 |170  1.11010  1.01511e-01 |171  0.41499 -1.45973e+01
172  0.26907 -6.27967e+00 |173  0.29538  2.01614e+01 |174  0.49222  1.43733e+00
175  0.02219  3.67515e+00 |
175 variables; iteration 80; function evaluation 100; phase 7
Function value 7.6490523e+03; maximum gradient component mag -1.7205e+02
Var    Value     Gradient |Var    Value     Gradient |Var    Value     Gradient
  1 -0.50216 -9.01477e+00 |  2 -0.31380 -1.72052e+02 |  3 -0.25277 -7.53469e+01
  4 -0.27774  1.36952e+01 |  5 -0.53868  3.86024e+01 |  6  0.09572 -4.29254e+00
  7 -0.38715 -7.56042e+01 |  8  0.00194 -3.21745e-01 |  9  0.00198 -3.37438e-01
 10  0.00203 -3.54075e-01 | 11  0.00208 -3.71695e-01 | 12  0.00212 -3.90351e-01
 13  0.00217 -4.10049e-01 | 14  0.00221 -4.30852e-01 | 15  0.00226 -4.52794e-01
 16  0.00230 -4.75859e-01 | 17  0.00234 -5.00150e-01 | 18  0.00238 -5.25666e-01
 19  0.00242 -5.52521e-01 | 20  0.00247 -5.80622e-01 | 21  0.00251 -6.09931e-01
 22  0.00255 -6.39951e-01 | 23  0.00259 -6.70753e-01 | 24  0.00263 -7.02632e-01
 25  0.00268 -7.35135e-01 | 26  0.00273 -7.68583e-01 | 27  0.00279 -8.01393e-01
 28  0.00286 -8.34775e-01 | 29  0.00293 -8.68209e-01 | 30  0.00302 -9.01189e-01
 31  0.00311 -9.33152e-01 | 32  0.00320 -9.62883e-01 | 33  0.00330 -9.88468e-01
 34  0.00339 -1.00663e+00 | 35  0.00346 -1.01450e+00 | 36  0.00350 -1.00824e+00
 37  0.00349 -9.83721e-01 | 38  0.00341 -9.37479e-01 | 39  0.00327 -8.65714e-01
 40  0.00303 -7.67552e-01 | 41  0.00269 -6.44345e-01 | 42  0.00224 -5.01626e-01
 43  0.00165 -3.49231e-01 | 44  0.00093 -2.01475e-01 | 45  0.00006 -7.50132e-02
 46 -0.00095  1.45484e-02 | 47 -0.00206  5.59577e-02 | 48 -0.00321  4.96794e-02
 49 -0.00433  5.49267e-03 | 50 -0.00541 -6.00233e-02 | 51 -0.00644 -1.24455e-01
 52 -0.00746 -1.60337e-01 | 53 -0.00853 -1.37250e-01 | 54 -0.00966 -2.97221e-02
 55 -0.01083  1.71358e-01 | 56 -0.01199  4.51004e-01 | 57 -0.01302  7.72017e-01
 58 -0.01375  1.08058e+00 | 59 -0.01404  1.31574e+00 | 60 -0.01357  1.44674e+00
 61 -0.01169  1.55114e+00 | 62 -0.00727  1.82676e+00 | 63 -0.00012  2.18541e+00
 64  0.00656  1.74029e+00 | 65  0.01151  4.40290e-01 | 66  0.01605 -8.71346e-01
 67  0.02312 -9.73788e-01 | 68  0.02551 -5.85932e-01 | 69  0.01629 -6.25999e-01
 70  0.01085  1.69129e+00 | 71 -0.00140  3.03098e+00 | 72 -0.01631  2.90903e+00
 73 -0.01887  5.18695e+00 | 74 -0.02556  4.57259e+00 | 75 -0.02865  3.65079e+00
 76 -0.02880  2.73890e+00 | 77 -0.02821  1.86490e+00 | 78 -0.02891  1.35191e+00
 79 -0.03386  1.54700e+00 | 80 -0.03688  5.02710e+00 | 81 -0.04543  7.54623e+00
 82 -0.05411  7.45762e+00 | 83 -0.05601  4.68033e+00 | 84 -0.03152  6.63360e+00
 85 -0.02420  1.96059e+00 | 86 -0.01261  4.35611e-01 | 87  0.03302  4.21879e+00
 88  0.03954 -8.61735e-01 | 89  0.06495 -6.24188e+00 | 90  0.07386 -1.31277e+01
 91  0.05222 -8.56068e+00 | 92  0.01383 -7.46608e+00 | 93  0.00662 -1.24861e+01
 94  0.05083 -2.13719e+01 | 95  0.00372 -2.41757e+01 | 96  0.03353 -1.94878e+01
 97  0.00472 -1.05559e+01 | 98  0.03878 -1.35832e+01 | 99 -0.02116 -2.56486e+01
100  0.07727 -2.41809e+01 |101  0.04486 -1.43692e+01 |102  0.12392  1.01034e+01
103 -0.04842 -1.46742e+01 |104 -0.00737  1.73864e+00 |105 -0.00154  2.33402e+01
106 -0.07002  1.38837e+01 |107 -0.08048  2.82829e+01 |108 -0.10395  2.70854e+01
109 -0.10768  3.07442e+01 |110 -0.10122  3.08288e+01 |111 -0.07661  2.05981e+01
112 -0.02959  9.85360e+00 |113 -0.04777  9.91603e+00 |114 -0.10784  1.20621e+01
115 -0.11321  1.16635e+01 |116 -0.09417  6.58540e+00 |117 -0.04248 -2.56430e+00
118 -0.00965 -7.04800e+00 |119 -0.02348  5.69489e+00 |120 -0.00812  2.19913e+00
121  0.10866 -1.22375e+01 |122 -0.00519 -1.77321e+01 |123 -0.00447  6.38869e-01
124 -0.00666 -9.17102e+00 |125  0.07894 -4.56284e+00 |126  0.02557 -1.33157e+01
127  0.17465 -7.59429e+00 |128  0.05252 -1.92813e+01 |129  0.10898 -1.10796e+01
130  0.08724 -9.98276e+00 |131  0.02808 -1.26554e+01 |132  0.16144 -1.01074e+01
133  0.07312 -4.94143e+00 |134  0.09795 -6.60344e+00 |135  0.02297 -6.93758e+00
136 -0.02886  1.53423e+00 |137 -0.03121  3.72956e+00 |138 -0.03669  2.14421e+00
139 -0.02717  5.34855e+00 |140 -0.01917  2.12298e+00 |141 -0.00597  1.04289e+00
142 -0.00155  7.04772e-01 |143 -0.80917 -6.68685e-01 |144 -0.38887 -2.12996e-01
145 -0.66478  3.68759e+00 |146 -0.80319  1.60291e+00 |147 -0.76022  2.47571e+00
148 -0.75754  2.48176e-01 |149 -0.57068  1.95223e+00 |150 -0.09553 -5.93719e-08
151  0.19571  1.57608e+00 |152  0.17131  2.66983e+00 |153  0.15483  2.01195e-04
154  0.22178 -1.52564e+01 |155  0.17574  2.93709e+01 |156  0.12016 -1.53662e-04
157  0.07492  2.28348e-01 |158  0.15516 -9.55185e+00 |159  0.03166 -1.27619e+01
160  0.18873  3.02627e+01 |161  0.17032 -4.89697e-04 |162  0.34399  3.71297e+00
163  0.17298 -3.74709e+01 |164 -0.09910 -5.19322e+00 |165  0.02489  1.32984e+01
166  0.10721 -3.69496e+00 |167  0.05436  5.08581e+00 |168 -0.15037  3.33292e+00
169  0.07307 -5.79917e+00 |170  0.96700 -1.66270e-01 |171  0.43203  4.40851e+00
172  0.31154  5.25072e+00 |173  0.29483 -1.70895e+01 |174  0.47630 -7.72480e+00
175  0.01311  5.49856e+00 |
175 variables; iteration 100; function evaluation 131; phase 7
Function value 7.6443939e+03; maximum gradient component mag -6.6664e+01
Var    Value     Gradient |Var    Value     Gradient |Var    Value     Gradient
  1 -0.50200  3.98232e+00 |  2 -0.31318 -6.66639e+01 |  3 -0.25330 -5.59217e-01
  4 -0.27590  4.64295e+00 |  5 -0.54068 -4.11621e+00 |  6  0.09540  9.78938e+00
  7 -0.38655 -4.01028e+01 |  8  0.00237 -1.95290e-03 |  9  0.00245 -9.01136e-04
 10  0.00254  2.09850e-04 | 11  0.00263  1.35347e-03 | 12  0.00273  2.51018e-03
 13  0.00282  3.63385e-03 | 14  0.00292  4.68386e-03 | 15  0.00302  5.60629e-03
 16  0.00312  6.33582e-03 | 17  0.00323  6.82313e-03 | 18  0.00334  6.97338e-03
 19  0.00344  6.71063e-03 | 20  0.00355  5.87386e-03 | 21  0.00366  4.40501e-03
 22  0.00377  2.27799e-03 | 23  0.00388 -5.72148e-04 | 24  0.00399 -4.29422e-03
 25  0.00410 -8.83838e-03 | 26  0.00421 -1.44971e-02 | 27  0.00432 -2.05965e-02
 28  0.00443 -2.79268e-02 | 29  0.00455 -3.62452e-02 | 30  0.00466 -4.55086e-02
 31  0.00477 -5.55903e-02 | 32  0.00487 -6.57153e-02 | 33  0.00496 -7.42636e-02
 34  0.00503 -7.76993e-02 | 35  0.00507 -7.24304e-02 | 36  0.00507 -5.33353e-02
 37  0.00503 -1.46038e-02 | 38  0.00493  4.78384e-02 | 39  0.00474  1.32840e-01
 40  0.00441  2.31432e-01 | 41  0.00385  3.25221e-01 | 42  0.00299  3.91702e-01
 43  0.00182  4.19963e-01 | 44  0.00044  4.22970e-01 | 45 -0.00094  4.37319e-01
 46 -0.00210  5.00544e-01 | 47 -0.00292  6.24990e-01 | 48 -0.00342  7.94658e-01
 49 -0.00369  9.78156e-01 | 50 -0.00388  1.14469e+00 | 51 -0.00418  1.27196e+00
 52 -0.00477  1.34180e+00 | 53 -0.00587  1.33542e+00 | 54 -0.00768  1.23149e+00
 55 -0.01027  1.00369e+00 | 56 -0.01359  6.28018e-01 | 57 -0.01718  1.54817e-01
 58 -0.02005 -2.24606e-01 | 59 -0.02106 -2.79695e-01 | 60 -0.01976  2.68182e-02
 61 -0.01706  3.31292e-01 | 62 -0.01473  3.30417e-02 | 63 -0.01236 -7.99990e-01
 64 -0.00385 -5.89037e-01 | 65  0.01891  2.43314e+00 | 66  0.01929  1.32084e-01
 67  0.01872 -1.50757e+00 | 68  0.02840  2.63279e-01 | 69  0.01900  8.82815e-02
 70  0.01321  2.18680e+00 | 71 -0.00290  2.30261e+00 | 72 -0.02317  3.15461e-01
 73 -0.02929  1.05910e+00 | 74 -0.03355  9.17990e-01 | 75 -0.03305  8.97800e-01
 76 -0.02854  1.15210e+00 | 77 -0.02652  2.96520e-01 | 78 -0.02683 -6.12076e-01
 79 -0.03617 -2.18361e+00 | 80 -0.04762 -1.94102e+00 | 81 -0.05588  2.40436e-01
 82 -0.06801 -1.16912e+00 | 83 -0.06340 -1.43252e+00 | 84 -0.04387 -1.46632e+00
 85 -0.02386 -1.53095e+00 | 86 -0.02247 -4.23796e+00 | 87  0.02651  3.20983e+00
 88  0.04757  4.96013e+00 | 89  0.06721  2.25303e+00 | 90  0.08044 -3.61109e+00
 91  0.03931 -3.72950e+00 | 92  0.01213 -2.62748e+00 | 93  0.00806 -5.38232e+00
 94  0.03134 -8.83256e+00 | 95  0.05079 -5.97580e+00 | 96  0.00066 -1.14557e+01
 97  0.00433 -1.89480e+00 | 98 -0.00629 -6.36225e+00 | 99  0.05553  8.52238e-01
100  0.06440 -8.07711e+00 |101  0.05103 -1.48254e+01 |102  0.08311 -9.33073e+00
103  0.00682 -1.45226e+01 |104 -0.00392 -1.02350e+01 |105 -0.02952 -1.28222e+00
106 -0.06547  4.01265e+00 |107 -0.08561  1.26908e+01 |108 -0.11163  1.00881e+01
109 -0.12057  9.77769e+00 |110 -0.12316  6.43365e+00 |111 -0.08717  7.12403e+00
112 -0.02416  8.65324e+00 |113 -0.05142  8.17354e+00 |114 -0.11361  7.98851e+00
115 -0.12816  1.95853e+00 |116 -0.10744 -1.68160e-01 |117 -0.04449 -7.59196e-01
118  0.01050  1.03430e+00 |119 -0.04606 -1.80246e+00 |120 -0.01844 -2.18551e+00
121  0.10363 -4.44632e+00 |122  0.02739 -2.85831e+00 |123 -0.02907  7.44557e-01
124  0.00549 -2.37697e-01 |125  0.06874  1.09107e+00 |126  0.05174 -2.61207e+00
127  0.16154  5.47216e+00 |128  0.08236 -5.39740e+00 |129  0.10164 -2.09018e+00
130  0.08392 -1.73080e+00 |131  0.04836  9.90211e-01 |132  0.16174  8.21304e+00
133  0.07935  3.50176e+00 |134  0.09817  6.41946e-01 |135  0.03802  9.69138e-01
136 -0.03311  1.64680e+00 |137 -0.04081  6.80795e-01 |138 -0.04585 -2.32931e-01
139 -0.02835  5.93300e+00 |140 -0.02461  1.55694e+00 |141 -0.01129  7.52633e-01
142 -0.00726  4.84989e-01 |143 -0.80527 -6.57971e-01 |144 -0.39035 -4.65677e-01
145 -0.66932 -4.25835e+00 |146 -0.82366 -8.15914e-01 |147 -0.76938 -1.08921e+00
148 -0.74694  1.88721e+00 |149 -0.58179 -4.03076e+00 |150 -0.09553 -5.93716e-08
151  0.15148 -1.38038e+00 |152  0.15240  2.45057e+00 |153  0.15422  3.94541e-05
154  0.24198 -6.24993e+00 |155  0.18072  1.35860e+01 |156  0.12029 -5.76636e-06
157  0.08926 -1.89442e+00 |158  0.16060  3.01073e+00 |159  0.02110 -7.06437e+00
160  0.17728  6.95706e+00 |161  0.17232 -4.50283e-04 |162  0.36527 -4.19469e+00
163  0.18018  7.70908e+00 |164 -0.12563  9.86240e-01 |165 -0.00446 -7.14588e+00
166  0.09336 -4.79307e+00 |167  0.04145  4.73133e+00 |168 -0.14221  3.41952e+00
169  0.07637 -4.07467e+00 |170  1.14235  8.75300e-01 |171  0.42740  1.93898e+00
172  0.36250  4.18560e+00 |173  0.30639 -7.73588e+00 |174  0.47488 -2.92652e+00
175  0.01128 -1.70757e+00 |
175 variables; iteration 120; function evaluation 163; phase 7
Function value 7.6432507e+03; maximum gradient component mag -1.5530e+02
Var    Value     Gradient |Var    Value     Gradient |Var    Value     Gradient
  1 -0.50008 -2.89526e+00 |  2 -0.31264 -6.45207e+01 |  3 -0.25433 -2.92778e+01
  4 -0.27682 -1.33495e+00 |  5 -0.54060 -3.97689e+00 |  6  0.09523  6.04431e+01
  7 -0.38707 -1.55304e+02 |  8  0.00283 -4.10715e-01 |  9  0.00292 -4.26331e-01
 10  0.00301 -4.43286e-01 | 11  0.00310 -4.61734e-01 | 12  0.00319 -4.81805e-01
 13  0.00327 -5.03662e-01 | 14  0.00335 -5.27434e-01 | 15  0.00343 -5.53242e-01
 16  0.00351 -5.81075e-01 | 17  0.00358 -6.10958e-01 | 18  0.00365 -6.42774e-01
 19  0.00373 -6.76360e-01 | 20  0.00380 -7.11313e-01 | 21  0.00387 -7.47190e-01
 22  0.00395 -7.83325e-01 | 23  0.00404 -8.19155e-01 | 24  0.00414 -8.53865e-01
 25  0.00425 -8.86519e-01 | 26  0.00440 -9.15753e-01 | 27  0.00456 -9.41231e-01
 28  0.00477 -9.60595e-01 | 29  0.00501 -9.72773e-01 | 30  0.00531 -9.76382e-01
 31  0.00565 -9.70410e-01 | 32  0.00603 -9.55750e-01 | 33  0.00642 -9.36137e-01
 34  0.00675 -9.21167e-01 | 35  0.00695 -9.20822e-01 | 36  0.00693 -9.49365e-01
 37  0.00659 -1.02369e+00 | 38  0.00582 -1.15738e+00 | 39  0.00462 -1.34686e+00
 40  0.00314 -1.55607e+00 | 41  0.00172 -1.70803e+00 | 42  0.00066 -1.73332e+00
 43 -0.00013 -1.65918e+00 | 44 -0.00108 -1.59467e+00 | 45 -0.00234 -1.59104e+00
 46 -0.00365 -1.60611e+00 | 47 -0.00483 -1.61256e+00 | 48 -0.00581 -1.60637e+00
 49 -0.00642 -1.55347e+00 | 50 -0.00657 -1.42145e+00 | 51 -0.00639 -1.21571e+00
 52 -0.00616 -9.72413e-01 | 53 -0.00642 -7.83256e-01 | 54 -0.00809 -8.53011e-01
 55 -0.01149 -1.27444e+00 | 56 -0.01440 -1.51454e+00 | 57 -0.01501 -1.15769e+00
 58 -0.01590 -9.68610e-01 | 59 -0.01814 -1.34670e+00 | 60 -0.01949 -1.78345e+00
 61 -0.01828 -1.92179e+00 | 62 -0.01060 -8.59945e-01 | 63 -0.01369 -3.14091e+00
 64 -0.00274 -2.48798e+00 | 65  0.00690 -2.70443e+00 | 66  0.02699 -1.10683e+00
 67  0.03643 -1.25422e+00 | 68  0.02502 -3.48492e+00 | 69  0.02275 -2.36517e+00
 70  0.00126 -3.58733e+00 | 71 -0.00708 -1.70676e+00 | 72 -0.02685 -3.29924e+00
 73 -0.03004 -1.64245e+00 | 74 -0.03382 -1.47335e+00 | 75 -0.03106 -6.51549e-01
 76 -0.03081 -1.48544e+00 | 77 -0.02645 -1.36743e+00 | 78 -0.02523 -1.50426e+00
 79 -0.02991 -1.33963e+00 | 80 -0.04482 -1.79493e+00 | 81 -0.05649 -5.86021e-01
 82 -0.06415 -2.47672e-01 | 83 -0.06386 -1.93064e+00 | 84 -0.04197 -1.02674e+00
 85 -0.01993 -7.99288e-01 | 86 -0.00450 -1.25815e+00 | 87  0.01904 -2.58257e+00
 88  0.03693 -3.19421e+00 | 89  0.06131 -4.26142e+00 | 90  0.08856 -6.15498e+00
 91  0.04235 -3.68699e+00 | 92  0.00886 -3.24186e+00 | 93  0.01208 -4.58056e+00
 94  0.03433 -8.90453e+00 | 95  0.04721 -8.01838e+00 | 96  0.00559 -1.25904e+01
 97 -0.00360 -5.54253e+00 | 98  0.00981 -4.97756e+00 | 99  0.04239 -4.61058e+00
100  0.05698 -8.53377e+00 |101  0.07885 -8.82110e+00 |102  0.05463 -5.59022e-01
103  0.02889 -4.93658e-01 |104  0.00005  1.45151e+00 |105 -0.02920  5.35943e+00
106 -0.06530  4.69781e+00 |107 -0.09304  5.51702e+00 |108 -0.11164  4.75260e+00
109 -0.12375  2.94519e+00 |110 -0.12226  2.44053e+00 |111 -0.08717  2.54176e+00
112 -0.02321  2.34507e+00 |113 -0.05270  1.80750e+00 |114 -0.12001  1.34208e+00
115 -0.12758 -9.46363e-03 |116 -0.10320  1.98349e-01 |117 -0.04187 -1.20686e+00
118  0.00538 -1.20930e+00 |119 -0.03975 -2.25493e-01 |120 -0.01672 -1.39932e+00
121  0.10169 -1.20113e+00 |122  0.03378  2.71523e-01 |123 -0.03275 -1.92105e-01
124  0.00524 -3.01319e-01 |125  0.06731  1.96258e+00 |126  0.06325 -3.78303e-01
127  0.15271  2.79792e+00 |128  0.09473 -2.66797e+00 |129  0.09821 -1.02698e+00
130  0.08618 -6.10114e-01 |131  0.05116  5.23817e-01 |132  0.15997  3.03508e+00
133  0.07777  4.35163e-01 |134  0.10094  2.54892e-01 |135  0.03836  1.19903e-01
136 -0.03578 -5.19447e-01 |137 -0.04252 -1.09490e+00 |138 -0.04192 -3.76654e-02
139 -0.04452 -4.31203e-01 |140 -0.02724 -2.53291e-01 |141 -0.01441 -1.21358e+00
142 -0.00085  9.46218e-01 |143 -0.80299 -1.52568e-01 |144 -0.38912  2.06739e-01
145 -0.66632 -1.24811e+00 |146 -0.81581  9.70824e-01 |147 -0.76591  7.77113e-02
148 -0.76036  3.88598e-01 |149 -0.57492 -1.43690e-01 |150 -0.09553 -5.93714e-08
151  0.15394 -2.84313e+00 |152  0.15382  5.18840e+00 |153  0.15397  3.14749e-06
154  0.25000 -4.32066e+00 |155  0.18266  9.20348e+00 |156  0.11999 -7.54232e-06
157  0.09044 -6.94569e+00 |158  0.16109  1.06852e+01 |159  0.03012 -1.66141e+00
160  0.18083  1.33649e+00 |161  0.17380 -2.98661e-04 |162  0.36538 -2.42370e+00
163  0.17992  2.59637e+00 |164 -0.11395  1.43174e+00 |165  0.00753 -1.77712e+00
166  0.12022  3.78991e-01 |167  0.05447 -3.63646e-01 |168 -0.14436  2.60638e-01
169  0.07597 -3.16813e-01 |170  1.04938  2.08070e-01 |171  0.42651 -1.57570e+00
172  0.32415  8.21245e-01 |173  0.29817 -1.15510e+00 |174  0.48476 -1.90549e-01
175  0.01672  4.14490e-01 |
175 variables; iteration 140; function evaluation 196; phase 7
Function value 7.6429872e+03; maximum gradient component mag -9.8570e+00
Var    Value     Gradient |Var    Value     Gradient |Var    Value     Gradient
  1 -0.49900  1.70218e-01 |  2 -0.31243 -2.59477e+00 |  3 -0.25481 -2.21126e+00
  4 -0.27658 -3.01950e-01 |  5 -0.54066  9.53355e-02 |  6  0.09526  2.86897e+00
  7 -0.38695 -9.85701e+00 |  8  0.00272 -1.53989e-02 |  9  0.00280 -1.74487e-02
 10  0.00290 -1.86950e-02 | 11  0.00300 -1.90269e-02 | 12  0.00310 -1.83919e-02
 13  0.00322 -1.68082e-02 | 14  0.00334 -1.43896e-02 | 15  0.00347 -1.13633e-02
 16  0.00360 -8.10320e-03 | 17  0.00373 -5.07063e-03 | 18  0.00386 -2.87492e-03
 19  0.00400 -2.20082e-03 | 20  0.00412 -3.80322e-03 | 21  0.00424 -8.25829e-03
 22  0.00435 -1.57361e-02 | 23  0.00445 -2.62876e-02 | 24  0.00454 -3.96479e-02
 25  0.00463 -5.45756e-02 | 26  0.00473 -6.97561e-02 | 27  0.00483 -8.20946e-02
 28  0.00497 -8.99734e-02 | 29  0.00515 -9.11930e-02 | 30  0.00535 -8.59609e-02
 31  0.00557 -7.83098e-02 | 32  0.00576 -7.68832e-02 | 33  0.00586 -9.09466e-02
 34  0.00586 -1.19290e-01 | 35  0.00580 -1.45800e-01 | 36  0.00576 -1.47712e-01
 37  0.00572 -1.19331e-01 | 38  0.00551 -9.26877e-02 | 39  0.00497 -1.03539e-01
 40  0.00433 -9.06707e-02 | 41  0.00392  2.35738e-02 | 42  0.00299  5.81672e-02
 43  0.00121 -7.53047e-02 | 44 -0.00029 -1.20400e-01 | 45 -0.00147 -7.60179e-02
 46 -0.00261 -2.72587e-02 | 47 -0.00354  4.84236e-02 | 48 -0.00441  1.00565e-01
 49 -0.00532  9.56516e-02 | 50 -0.00622  5.42843e-02 | 51 -0.00708  1.00857e-02
 52 -0.00795 -1.14762e-02 | 53 -0.00903 -2.51970e-02 | 54 -0.01089 -1.50764e-01
 55 -0.01303 -2.53922e-01 | 56 -0.01385  6.24391e-02 | 57 -0.01663 -1.60845e-01
 58 -0.01813 -1.29541e-01 | 59 -0.01866 -2.51215e-02 | 60 -0.01964 -3.50361e-01
 61 -0.01775 -2.65384e-01 | 62 -0.01488 -4.06953e-01 | 63 -0.00828 -1.33866e-01
 64 -0.00017 -1.05487e-01 | 65  0.00924 -2.68051e-01 | 66  0.01921 -4.29502e-01
 67  0.02737 -4.40184e-01 | 68  0.03011 -1.37788e-01 | 69  0.02108 -2.57603e-01
 70  0.00767  5.60295e-02 | 71 -0.00800  1.22908e-01 | 72 -0.02116  1.23469e-01
 73 -0.03067 -1.16164e-01 | 74 -0.03551 -3.92882e-01 | 75 -0.03426 -8.64788e-02
 76 -0.03107 -7.33346e-02 | 77 -0.02815 -3.80633e-01 | 78 -0.02577 -1.85930e-01
 79 -0.02944  2.17711e-01 | 80 -0.04314  3.61642e-03 | 81 -0.05828 -1.04262e-01
 82 -0.06690 -2.43615e-01 | 83 -0.06093  1.04058e-01 | 84 -0.04230 -4.61836e-02
 85 -0.02202 -1.37934e-01 | 86 -0.00660 -2.53750e-01 | 87  0.02023 -2.02869e-01
 88  0.03698 -3.59758e-01 | 89  0.05977 -5.79995e-01 | 90  0.09140 -8.08107e-01
 91  0.04004 -3.52317e-01 | 92  0.00662 -4.15273e-01 | 93  0.00940 -5.89179e-01
 94  0.04298 -5.44591e-01 | 95  0.03686 -3.92385e-01 | 96  0.02222 -1.65452e+00
 97 -0.00642 -2.14228e-01 | 98  0.00860 -3.71319e-01 | 99  0.03451 -8.01454e-02
100  0.05692 -6.37316e-01 |101  0.09315  1.12926e+00 |102  0.03916  1.00068e+00
103  0.03107  5.23723e-01 |104  0.00276  3.06871e-01 |105 -0.02982  1.69410e+00
106 -0.06618 -3.35637e-02 |107 -0.09639 -7.09615e-01 |108 -0.11369 -7.25607e-01
109 -0.12378 -7.69767e-01 |110 -0.12291 -7.46893e-01 |111 -0.08828 -6.42751e-01
112 -0.02256 -7.64648e-01 |113 -0.05355 -6.49497e-01 |114 -0.12186 -5.05627e-01
115 -0.12704 -2.51668e-01 |116 -0.10414 -2.36751e-01 |117 -0.04000 -1.73798e-02
118  0.00543 -1.93178e-01 |119 -0.04127 -1.36353e-01 |120 -0.01496 -1.44139e-01
121  0.10223  2.97647e-01 |122  0.03217  5.71443e-02 |123 -0.03208 -1.04125e-01
124  0.00761  2.93655e-01 |125  0.06350  5.85163e-01 |126  0.07027  3.84730e-01
127  0.14678  1.48103e+00 |128  0.10297  4.33267e-01 |129  0.09541  2.80050e-02
130  0.08757 -1.21839e-01 |131  0.05157 -4.51978e-01 |132  0.15786 -7.44280e-01
133  0.07959 -3.87172e-01 |134  0.10057 -2.93825e-01 |135  0.03834 -2.67025e-02
136 -0.03496 -2.86390e-01 |137 -0.03951 -1.29826e-01 |138 -0.04186 -1.42387e-01
139 -0.04325 -2.22362e-01 |140 -0.02641 -1.95192e-01 |141 -0.00854  1.49786e-01
142 -0.00586 -5.13819e-01 |143 -0.80460 -3.39662e-01 |144 -0.38979 -1.51726e-01
145 -0.66502  2.96755e-01 |146 -0.81943  8.57892e-03 |147 -0.76582  1.22425e-01
148 -0.76317 -8.23205e-04 |149 -0.57464  4.91208e-02 |150 -0.09553 -5.93710e-08
151  0.15763 -8.02640e-02 |152  0.15477  5.74094e-01 |153  0.15341  4.72908e-05
154  0.25278  1.30384e-01 |155  0.18323 -3.74485e-01 |156  0.11931  6.38183e-05
157  0.09271 -2.40309e-01 |158  0.16188  7.31340e-01 |159  0.03144 -1.66290e-01
160  0.18134  2.02492e-01 |161  0.17611 -1.66212e-04 |162  0.36808 -2.15221e-01
163  0.18077  1.26689e+00 |164 -0.11411 -3.52314e-01 |165  0.00838  6.15226e-01
166  0.11653 -8.90620e-03 |167  0.05224 -2.11300e-02 |168 -0.14414  4.54848e-02
169  0.07608  8.38134e-02 |170  1.02088  2.03743e-02 |171  0.42818  1.15310e-01
172  0.31171 -2.22519e-01 |173  0.29522  4.35860e-01 |174  0.48365 -2.75236e-01
175  0.01623  2.91443e-01 |
175 variables; iteration 160; function evaluation 232; phase 7
Function value 7.6429733e+03; maximum gradient component mag -3.8133e-01
Var    Value     Gradient |Var    Value     Gradient |Var    Value     Gradient
  1 -0.49964 -9.34818e-02 |  2 -0.31249 -2.00294e-01 |  3 -0.25461 -2.16442e-01
  4 -0.27656 -4.25953e-02 |  5 -0.54066 -1.42802e-02 |  6  0.09524 -3.74218e-02
  7 -0.38688 -3.81328e-01 |  8  0.00263 -6.30188e-03 |  9  0.00272 -6.76262e-03
 10  0.00281 -7.15444e-03 | 11  0.00291 -7.43880e-03 | 12  0.00301 -7.59169e-03
 13  0.00311 -7.61143e-03 | 14  0.00322 -7.52840e-03 | 15  0.00333 -7.40880e-03
 16  0.00344 -7.35568e-03 | 17  0.00355 -7.48132e-03 | 18  0.00367 -7.88636e-03
 19  0.00379 -8.61092e-03 | 20  0.00391 -9.57377e-03 | 21  0.00404 -1.05360e-02
 22  0.00417 -1.11075e-02 | 23  0.00431 -1.08638e-02 | 24  0.00445 -9.40652e-03
 25  0.00461 -6.66573e-03 | 26  0.00478 -2.97507e-03 | 27  0.00495  2.92030e-04
 28  0.00512  1.84820e-03 | 29  0.00528  4.47628e-04 | 30  0.00545 -3.06322e-03
 31  0.00562 -5.02994e-03 | 32  0.00580 -1.98913e-03 | 33  0.00597  1.59578e-03
 34  0.00605 -5.49395e-03 | 35  0.00604 -1.95588e-02 | 36  0.00600 -1.79985e-02
 37  0.00589 -4.75705e-03 | 38  0.00555 -8.18429e-03 | 39  0.00507 -3.54065e-03
 40  0.00436 -5.90913e-03 | 41  0.00343 -1.45285e-02 | 42  0.00233 -2.17279e-02
 43  0.00113 -1.85542e-02 | 44 -0.00020 -1.97367e-02 | 45 -0.00157 -2.09803e-02
 46 -0.00281  1.41832e-03 | 47 -0.00406 -3.77471e-03 | 48 -0.00518 -1.77654e-02
 49 -0.00607 -1.69384e-02 | 50 -0.00681 -1.46322e-02 | 51 -0.00748 -6.37561e-03
 52 -0.00827 -4.28847e-03 | 53 -0.00935 -1.41249e-02 | 54 -0.01072 -4.50617e-03
 55 -0.01244  1.10484e-02 | 56 -0.01459 -2.78384e-02 | 57 -0.01658 -2.67460e-02
 58 -0.01821 -2.29111e-02 | 59 -0.01920 -4.09426e-02 | 60 -0.01889  9.65028e-03
 61 -0.01741 -9.93347e-03 | 62 -0.01411 -2.28951e-02 | 63 -0.00851 -1.18415e-03
 64 -0.00064 -1.31714e-02 | 65  0.00946  8.95723e-03 | 66  0.02011 -3.44051e-03
 67  0.02842 -1.08317e-03 | 68  0.02958 -1.60299e-02 | 69  0.02141 -5.56476e-03
 70  0.00666 -3.12060e-02 | 71 -0.00920 -7.56225e-02 | 72 -0.02208 -4.07940e-02
 73 -0.03068 -2.11198e-02 | 74 -0.03454  1.20058e-02 | 75 -0.03432  2.66161e-03
 76 -0.03127 -1.91215e-02 | 77 -0.02732 -2.38246e-02 | 78 -0.02552 -1.45410e-02
 79 -0.03055 -4.78917e-02 | 80 -0.04340 -2.52712e-02 | 81 -0.05823 -3.53734e-02
 82 -0.06640 -1.02913e-02 | 83 -0.06151 -4.74309e-02 | 84 -0.04249 -3.34108e-02
 85 -0.02205 -4.25505e-02 | 86 -0.00630 -3.24224e-02 | 87  0.01992 -5.18873e-02
 88  0.03685 -5.97038e-02 | 89  0.05987 -6.66017e-02 | 90  0.09196 -7.58948e-02
 91  0.03912 -6.04604e-02 | 92  0.00666 -3.28388e-02 | 93  0.01017 -8.99770e-03
 94  0.04287 -1.72955e-04 | 95  0.03478  5.01255e-02 | 96  0.02573  8.06584e-02
 97 -0.00795  3.76618e-02 | 98  0.00863  4.44588e-02 | 99  0.03240  1.51316e-02
100  0.06179  1.46649e-01 |101  0.08983  2.29070e-01 |102  0.03883  2.59873e-01
103  0.03231  5.48861e-02 |104  0.00422  5.10100e-02 |105 -0.03319  1.76520e-01
106 -0.06566  3.57900e-02 |107 -0.09541  1.52127e-02 |108 -0.11350 -4.27712e-02
109 -0.12367 -7.18604e-02 |110 -0.12270 -7.56574e-02 |111 -0.08832 -8.67323e-02
112 -0.02267 -8.37091e-02 |113 -0.05343 -6.65223e-02 |114 -0.12159 -5.33910e-02
115 -0.12714 -6.11045e-02 |116 -0.10410 -5.45692e-02 |117 -0.04047 -6.28009e-02
118  0.00556 -5.43132e-02 |119 -0.04138 -5.10328e-02 |120 -0.01477 -3.83299e-02
121  0.10189 -7.02022e-02 |122  0.03214 -4.64769e-02 |123 -0.03179 -5.37664e-03
124  0.00725 -1.47018e-02 |125  0.06285  4.02508e-03 |126  0.07129  6.56870e-02
127  0.14562  9.83877e-02 |128  0.10335  3.38036e-02 |129  0.09538  2.96887e-03
130  0.08718 -1.57762e-02 |131  0.05191 -3.24609e-03 |132  0.15792 -3.13256e-02
133  0.07952 -2.88474e-02 |134  0.10073 -2.22392e-02 |135  0.03783 -4.08930e-02
136 -0.03444  7.41575e-03 |137 -0.03963 -3.21860e-02 |138 -0.04189 -2.08521e-02
139 -0.04306 -2.18885e-02 |140 -0.02627 -2.10719e-02 |141 -0.00978 -3.61141e-02
142 -0.00433  2.12252e-02 |143 -0.80321  1.18976e-02 |144 -0.38949  6.51280e-03
145 -0.66534  1.39000e-02 |146 -0.81957 -1.42227e-02 |147 -0.76624 -1.26385e-02
148 -0.76311  1.02980e-03 |149 -0.57473 -2.57847e-03 |150 -0.09552 -5.93706e-08
151  0.15486  2.64187e-02 |152  0.15340 -1.08021e-01 |153  0.15287  2.90295e-05
154  0.25203  2.43592e-05 |155  0.18306  2.39279e-02 |156  0.11855  4.91331e-05
157  0.09224 -2.11830e-03 |158  0.16169 -1.87790e-02 |159  0.03161  3.01942e-02
160  0.18140 -2.70403e-02 |161  0.17798 -1.03431e-04 |162  0.36713 -1.36126e-02
163  0.18044 -2.03213e-02 |164 -0.11456  1.56604e-02 |165  0.00781 -4.63091e-02
166  0.11700  4.64813e-03 |167  0.05252 -3.35836e-03 |168 -0.14455  1.94926e-02
169  0.07586 -1.00288e-02 |170  1.01934  3.71654e-03 |171  0.42809  1.72451e-03
172  0.31295 -7.41791e-03 |173  0.29551  2.15701e-02 |174  0.48379 -1.24614e-02
175  0.01630 -5.67013e-02 |
175 variables; iteration 180; function evaluation 267; phase 7
Function value 7.6429732e+03; maximum gradient component mag 4.4930e-01
Var    Value     Gradient |Var    Value     Gradient |Var    Value     Gradient
  1 -0.49959  1.36262e-02 |  2 -0.31249  1.77917e-01 |  3 -0.25463  9.18886e-02
  4 -0.27656  8.52384e-03 |  5 -0.54066  1.29874e-02 |  6  0.09524 -1.58789e-01
  7 -0.38689  4.49304e-01 |  8  0.00267  5.69184e-03 |  9  0.00276  5.69834e-03
 10  0.00285  5.15708e-03 | 11  0.00294  4.22827e-03 | 12  0.00304  3.19221e-03
 13  0.00313  2.38666e-03 | 14  0.00324  2.09190e-03 | 15  0.00335  2.41917e-03
 16  0.00346  3.21913e-03 | 17  0.00358  4.11883e-03 | 18  0.00370  4.65226e-03
 19  0.00382  4.52611e-03 | 20  0.00395  3.85557e-03 | 21  0.00407  3.20151e-03
 22  0.00420  3.17695e-03 | 23  0.00434  3.82938e-03 | 24  0.00448  4.37274e-03
 25  0.00462  3.54630e-03 | 26  0.00477  9.72444e-04 | 27  0.00491 -1.17566e-03
 28  0.00508  2.02349e-05 | 29  0.00527  4.13934e-03 | 30  0.00544  4.82946e-03
 31  0.00560  6.29747e-04 | 32  0.00578  2.21778e-03 | 33  0.00594  4.35590e-03
 34  0.00603 -4.95637e-04 | 35  0.00612  9.20386e-03 | 36  0.00606  4.33087e-03
 37  0.00589  4.86425e-03 | 38  0.00555  1.06661e-03 | 39  0.00506  3.83622e-03
 40  0.00435  2.72545e-03 | 41  0.00347  5.90835e-03 | 42  0.00237 -4.00182e-04
 43  0.00118  6.33750e-03 | 44 -0.00018 -3.51271e-03 | 45 -0.00148  1.28495e-02
 46 -0.00281  1.33260e-02 | 47 -0.00408  4.54942e-03 | 48 -0.00517 -8.42606e-04
 49 -0.00601  1.27199e-02 | 50 -0.00677  1.05669e-02 | 51 -0.00753 -5.62766e-03
 52 -0.00828  6.36707e-03 | 53 -0.00937 -4.17629e-03 | 54 -0.01071  1.13418e-02
 55 -0.01255 -4.49443e-03 | 56 -0.01451  8.60606e-03 | 57 -0.01649  1.31634e-02
 58 -0.01816  3.90904e-03 | 59 -0.01907  1.08982e-02 | 60 -0.01896  3.62621e-03
 61 -0.01741  4.33129e-03 | 62 -0.01404  9.64427e-03 | 63 -0.00854  2.92041e-03
 64 -0.00063  2.49782e-03 | 65  0.00936  2.45127e-03 | 66  0.02008  7.43296e-03
 67  0.02836  7.64450e-03 | 68  0.02958  8.13637e-03 | 69  0.02134  6.39104e-03
 70  0.00672  7.66757e-03 | 71 -0.00895  1.34308e-02 | 72 -0.02199  7.60362e-03
 73 -0.03066  6.23714e-03 | 74 -0.03463  1.09701e-03 | 75 -0.03440 -5.80604e-04
 76 -0.03126  4.70924e-03 | 77 -0.02730  6.29530e-03 | 78 -0.02555  2.98757e-03
 79 -0.03047  7.20016e-03 | 80 -0.04339  4.80039e-03 | 81 -0.05819  6.51332e-03
 82 -0.06644  3.40188e-03 | 83 -0.06143  1.00020e-02 | 84 -0.04247  8.53333e-03
 85 -0.02203  8.33895e-03 | 86 -0.00633  8.09088e-03 | 87  0.01994  1.56864e-02
 88  0.03688  2.01814e-02 | 89  0.05988  2.60430e-02 | 90  0.09197  4.10397e-02
 91  0.03917  2.13673e-02 | 92  0.00668  1.44164e-02 | 93  0.01015  1.28396e-02
 94  0.04293  1.37477e-02 | 95  0.03473  3.92098e-03 | 96  0.02564  2.06999e-03
 97 -0.00795 -1.28248e-03 | 98  0.00861  5.44880e-03 | 99  0.03259  3.64067e-03
100  0.06169  9.10929e-03 |101  0.08988  1.58734e-02 |102  0.03841  4.82727e-02
103  0.03261  3.39467e-03 |104  0.00436  5.67683e-03 |105 -0.03353 -4.44719e-03
106 -0.06562 -8.49426e-03 |107 -0.09543 -1.90732e-02 |108 -0.11348 -1.48263e-02
109 -0.12364 -4.06795e-03 |110 -0.12268 -7.05408e-03 |111 -0.08829 -6.55454e-03
112 -0.02269 -9.48875e-03 |113 -0.05343 -7.57085e-03 |114 -0.12157 -1.58010e-03
115 -0.12711 -2.42822e-04 |116 -0.10409 -4.97287e-03 |117 -0.04045  1.34948e-03
118  0.00554  1.84140e-03 |119 -0.04134  3.83115e-03 |120 -0.01478  1.25912e-04
121  0.10189  1.20926e-02 |122  0.03218  6.89719e-03 |123 -0.03185 -2.83658e-03
124  0.00726 -3.64189e-04 |125  0.06288 -5.64162e-03 |126  0.07127  6.42458e-04
127  0.14555 -3.67503e-02 |128  0.10341  5.39767e-03 |129  0.09535 -2.98216e-03
130  0.08720 -4.98047e-03 |131  0.05186 -3.22083e-03 |132  0.15794  4.24775e-03
133  0.07954  2.24124e-03 |134  0.10070  1.60804e-03 |135  0.03792  9.30995e-03
136 -0.03453 -2.64835e-03 |137 -0.03957  2.57827e-03 |138 -0.04188 -2.77824e-04
139 -0.04303 -2.76717e-04 |140 -0.02624  3.34750e-03 |141 -0.00969  3.37511e-03
142 -0.00449 -5.04425e-03 |143 -0.80322  9.89682e-04 |144 -0.38952 -5.39833e-04
145 -0.66532  3.99505e-03 |146 -0.81956 -6.21271e-04 |147 -0.76620  2.96632e-04
148 -0.76313  1.28967e-03 |149 -0.57472  5.27713e-04 |150 -0.09552 -5.93700e-08
151  0.15512  6.66167e-04 |152  0.15356  1.12670e-02 |153  0.15243  1.99252e-05
154  0.25198  1.07271e-02 |155  0.18304 -2.29211e-02 |156  0.11781  3.54315e-05
157  0.09226  2.26375e-02 |158  0.16170 -3.38685e-02 |159  0.03161  8.04984e-03
160  0.18138 -1.38997e-02 |161  0.17948 -6.00950e-05 |162  0.36721  9.42178e-03
163  0.18046 -2.16391e-02 |164 -0.11447  5.75491e-03 |165  0.00789 -1.55610e-03
166  0.11709  5.68929e-03 |167  0.05256 -6.33272e-03 |168 -0.14458  1.50208e-04
169  0.07584 -1.22972e-03 |170  1.01897 -3.32934e-04 |171  0.42809 -4.50194e-03
172  0.31308  2.43729e-03 |173  0.29553 -5.10520e-03 |174  0.48392  4.00888e-03
175  0.01637  6.03837e-03 |
175 variables; iteration 200; function evaluation 303; phase 7
Function value 7.6429732e+03; maximum gradient component mag -3.5474e-02
Var    Value     Gradient |Var    Value     Gradient |Var    Value     Gradient
  1 -0.49960 -1.24651e-03 |  2 -0.31249 -1.99557e-02 |  3 -0.25462 -1.05178e-02
  4 -0.27656 -6.89961e-04 |  5 -0.54066 -8.01434e-04 |  6  0.09524  1.63223e-02
  7 -0.38689 -3.54740e-02 |  8  0.00265  7.73590e-04 |  9  0.00274 -5.03703e-04
 10  0.00283 -1.28960e-04 | 11  0.00293  1.35299e-04 | 12  0.00303 -2.05025e-04
 13  0.00313 -5.08158e-04 | 14  0.00323 -3.51389e-04 | 15  0.00334 -7.14740e-05
 16  0.00346 -8.83764e-05 | 17  0.00357 -2.42870e-04 | 18  0.00369 -1.72590e-04
 19  0.00381 -2.75881e-05 | 20  0.00394 -2.05410e-04 | 21  0.00407 -4.85734e-04
 22  0.00420 -3.79724e-04 | 23  0.00433 -1.61329e-04 | 24  0.00447 -2.72686e-04
 25  0.00462 -2.63708e-04 | 26  0.00477 -8.28519e-05 | 27  0.00493 -4.21838e-04
 28  0.00509 -1.59986e-04 | 29  0.00526 -5.09007e-05 | 30  0.00543 -5.42473e-04
 31  0.00561 -2.89375e-04 | 32  0.00579  5.24511e-05 | 33  0.00594 -2.30823e-04
 34  0.00605  3.92704e-05 | 35  0.00609 -6.33928e-04 | 36  0.00605 -1.52933e-04
 37  0.00588 -5.63187e-04 | 38  0.00556 -2.66965e-04 | 39  0.00506 -8.02535e-05
 40  0.00436 -2.02792e-06 | 41  0.00346 -3.96215e-04 | 42  0.00239 -9.03647e-05
 43  0.00117 -6.24140e-04 | 44 -0.00015  3.43351e-04 | 45 -0.00152 -8.85550e-04
 46 -0.00285 -6.47440e-04 | 47 -0.00408 -4.72813e-04 | 48 -0.00515 -1.68747e-05
 49 -0.00604 -8.30091e-04 | 50 -0.00679 -6.74051e-04 | 51 -0.00749  4.40643e-05
 52 -0.00829  4.15655e-05 | 53 -0.00933 -1.70290e-05 | 54 -0.01074 -6.52767e-04
 55 -0.01251  1.48741e-04 | 56 -0.01453 -5.47248e-04 | 57 -0.01652 -7.03968e-04
 58 -0.01816 -3.43430e-04 | 59 -0.01909 -7.16816e-04 | 60 -0.01895 -2.58090e-04
 61 -0.01740 -2.74369e-04 | 62 -0.01406 -6.05275e-04 | 63 -0.00853 -1.37609e-04
 64 -0.00062 -4.71386e-04 | 65  0.00938 -3.23404e-04 | 66  0.02008 -6.06211e-04
 67  0.02835 -6.25942e-04 | 68  0.02958 -7.83518e-04 | 69  0.02135 -6.08269e-04
 70  0.00672 -7.54026e-04 | 71 -0.00898 -1.00464e-03 | 72 -0.02200 -7.10886e-04
 73 -0.03066 -5.22417e-04 | 74 -0.03462 -1.72457e-04 | 75 -0.03438 -1.25345e-04
 76 -0.03126 -3.91126e-04 | 77 -0.02731 -4.62146e-04 | 78 -0.02554 -2.89755e-04
 79 -0.03048 -5.42701e-04 | 80 -0.04339 -3.62176e-04 | 81 -0.05819 -4.06765e-04
 82 -0.06643 -1.57827e-04 | 83 -0.06144 -5.53033e-04 | 84 -0.04247 -2.61878e-04
 85 -0.02203 -2.67121e-04 | 86 -0.00632 -2.56924e-04 | 87  0.01994 -6.26419e-04
 88  0.03687 -6.57058e-04 | 89  0.05990 -7.68971e-04 | 90  0.09193 -2.72101e-03
 91  0.03919 -8.64547e-04 | 92  0.00668 -8.52339e-04 | 93  0.01014 -1.00966e-03
 94  0.04292 -1.44746e-03 | 95  0.03474 -1.22919e-03 | 96  0.02563 -1.94154e-03
 97 -0.00794 -7.56694e-04 | 98  0.00859 -1.39511e-03 | 99  0.03259 -1.15813e-03
100  0.06168 -1.75557e-03 |101  0.08995 -1.56546e-03 |102  0.03825 -2.21483e-03
103  0.03269 -5.05908e-04 |104  0.00435 -2.22839e-04 |105 -0.03353  1.99715e-03
106 -0.06562  1.14738e-03 |107 -0.09542  1.87622e-03 |108 -0.11347  2.07887e-03
109 -0.12364  1.79115e-03 |110 -0.12268  1.58687e-03 |111 -0.08828  1.25174e-03
112 -0.02269  1.17953e-03 |113 -0.05343  9.09708e-04 |114 -0.12157  4.53501e-04
115 -0.12711  2.89655e-04 |116 -0.10408  5.71301e-04 |117 -0.04045  4.52574e-04
118  0.00554  5.55979e-04 |119 -0.04135  1.26416e-04 |120 -0.01477  3.92332e-04
121  0.10189  1.17232e-03 |122  0.03217  5.76585e-04 |123 -0.03183  4.83435e-04
124  0.00726 -4.24428e-04 |125  0.06289 -2.75035e-03 |126  0.07122 -7.38580e-04
127  0.14560 -7.16329e-03 |128  0.10336 -1.09872e-03 |129  0.09537 -3.73334e-04
130  0.08720  8.10110e-04 |131  0.05187  7.23193e-04 |132  0.15793  2.12151e-03
133  0.07953  6.22058e-04 |134  0.10071  4.17118e-04 |135  0.03790 -1.60764e-04
136 -0.03452  3.80937e-04 |137 -0.03958  5.63598e-06 |138 -0.04188  1.23744e-04
139 -0.04303  1.77149e-04 |140 -0.02625 -2.03581e-05 |141 -0.00970 -8.26584e-05
142 -0.00446  5.62614e-04 |143 -0.80323 -1.84940e-04 |144 -0.38951  1.15721e-04
145 -0.66532 -2.19172e-04 |146 -0.81955  1.07037e-04 |147 -0.76620  1.47407e-05
148 -0.76314  1.47180e-05 |149 -0.57472 -1.38457e-04 |150 -0.09552 -5.93694e-08
151  0.15508 -1.47764e-04 |152  0.15354  8.86215e-04 |153  0.15216  1.32383e-05
154  0.25197 -1.25117e-03 |155  0.18304  3.13929e-03 |156  0.11731  2.59624e-05
157  0.09226 -1.71245e-03 |158  0.16170  2.75847e-03 |159  0.03161 -5.02160e-04
160  0.18138  6.49115e-04 |161  0.18033 -3.64637e-05 |162  0.36721  1.40248e-04
163  0.18046 -8.06844e-04 |164 -0.11448 -3.22268e-04 |165  0.00788 -9.62941e-05
166  0.11705 -2.64812e-04 |167  0.05254  3.30321e-04 |168 -0.14458  4.44324e-04
169  0.07584 -4.80396e-04 |170  1.01900  7.73652e-05 |171  0.42810 -2.51373e-04
172  0.31305  1.61711e-04 |173  0.29552 -1.76893e-04 |174  0.48390 -4.75944e-04
175  0.01636 -3.64667e-05 |
175 variables; iteration 220; function evaluation 339; phase 7
Function value 7.6429732e+03; maximum gradient component mag -7.2113e-03
Var    Value     Gradient |Var    Value     Gradient |Var    Value     Gradient
  1 -0.49960 -1.12930e-04 |  2 -0.31249 -4.20059e-03 |  3 -0.25462 -1.95042e-03
  4 -0.27656 -2.16499e-04 |  5 -0.54066 -1.01820e-04 |  6  0.09524  2.85403e-03
  7 -0.38689 -7.21131e-03 |  8  0.00265  6.34016e-05 |  9  0.00274 -1.08359e-05
 10  0.00283 -1.92732e-05 | 11  0.00293 -2.03831e-05 | 12  0.00303  5.03275e-05
 13  0.00313 -2.22347e-04 | 14  0.00324  8.92366e-05 | 15  0.00334  1.41562e-06
 16  0.00346  1.70456e-05 | 17  0.00357 -2.68626e-04 | 18  0.00369  2.44407e-04
 19  0.00381 -2.58352e-04 | 20  0.00394  1.00734e-04 | 21  0.00407 -2.17456e-04
 22  0.00420  4.91830e-05 | 23  0.00433 -1.18564e-04 | 24  0.00448  2.26184e-06
 25  0.00462  3.48174e-05 | 26  0.00477 -4.55227e-05 | 27  0.00493  9.61282e-05
 28  0.00509 -2.02436e-04 | 29  0.00526 -6.44876e-05 | 30  0.00544 -1.13985e-04
 31  0.00561 -9.39060e-05 | 32  0.00578 -2.83446e-05 | 33  0.00594 -6.85051e-05
 34  0.00605 -3.33142e-05 | 35  0.00609 -1.29578e-04 | 36  0.00605 -4.52633e-05
 37  0.00588 -9.50226e-05 | 38  0.00556 -2.20123e-05 | 39  0.00506  1.85373e-04
 40  0.00436 -9.09861e-05 | 41  0.00346 -6.99395e-05 | 42  0.00239 -5.42002e-05
 43  0.00117 -1.25305e-04 | 44 -0.00015  2.61068e-05 | 45 -0.00152 -1.60709e-04
 46 -0.00285 -1.01846e-04 | 47 -0.00408 -9.97476e-05 | 48 -0.00515 -2.06537e-05
 49 -0.00604 -1.27631e-04 | 50 -0.00679 -1.21986e-04 | 51 -0.00749 -1.18683e-05
 52 -0.00829 -1.05707e-05 | 53 -0.00933 -3.05409e-05 | 54 -0.01074 -1.17072e-04
 55 -0.01251  5.92032e-06 | 56 -0.01453 -1.13065e-04 | 57 -0.01652 -1.33458e-04
 58 -0.01816 -9.21524e-05 | 59 -0.01909 -1.51678e-04 | 60 -0.01895 -6.30982e-05
 61 -0.01740 -5.79873e-05 | 62 -0.01406 -1.17291e-04 | 63 -0.00853 -6.10258e-05
 64 -0.00062 -1.12008e-04 | 65  0.00938 -1.03095e-04 | 66  0.02008 -1.33355e-04
 67  0.02835 -1.19479e-04 | 68  0.02958 -1.75620e-04 | 69  0.02135 -1.34171e-04
 70  0.00672 -1.84391e-04 | 71 -0.00898 -2.08975e-04 | 72 -0.02200 -1.64880e-04
 73 -0.03066 -1.20848e-04 | 74 -0.03462 -5.09132e-05 | 75 -0.03438 -4.80480e-05
 76 -0.03126 -8.71244e-05 | 77 -0.02731 -1.02602e-04 | 78 -0.02554 -7.66267e-05
 79 -0.03047 -1.22390e-04 | 80 -0.04339 -7.99375e-05 | 81 -0.05819 -1.02183e-04
 82 -0.06643 -4.89810e-05 | 83 -0.06144 -1.30139e-04 | 84 -0.04247 -1.04856e-04
 85 -0.02203 -1.00446e-04 | 86 -0.00632 -1.55869e-04 | 87  0.01994 -2.08367e-04
 88  0.03687 -2.46863e-04 | 89  0.05989 -2.44486e-04 | 90  0.09194 -4.16075e-04
 91  0.03918 -2.49043e-04 | 92  0.00668 -2.74471e-04 | 93  0.01014 -2.84688e-04
 94  0.04292 -2.98678e-04 | 95  0.03474 -3.01337e-04 | 96  0.02564 -3.20265e-04
 97 -0.00794 -1.67638e-04 | 98  0.00859 -2.56691e-04 | 99  0.03259 -2.02343e-04
100  0.06168  1.17354e-04 |101  0.08995  6.39617e-04 |102  0.03825  3.05808e-04
103  0.03269 -1.39788e-05 |104  0.00435  3.40853e-05 |105 -0.03354 -7.77186e-04
106 -0.06562 -3.83779e-04 |107 -0.09542 -2.50286e-04 |108 -0.11347 -1.28824e-04
109 -0.12364  5.86250e-05 |110 -0.12268  9.37007e-05 |111 -0.08828  1.28959e-04
112 -0.02269  1.41953e-04 |113 -0.05343  1.65378e-04 |114 -0.12157  9.32131e-05
115 -0.12711  8.96529e-05 |116 -0.10408  4.93158e-05 |117 -0.04045 -4.06057e-05
118  0.00554 -9.78111e-05 |119 -0.04135 -1.78120e-04 |120 -0.01477 -1.89350e-04
121  0.10189 -4.87233e-04 |122  0.03217 -3.01171e-04 |123 -0.03184 -9.68958e-06
124  0.00726 -9.98790e-05 |125  0.06289  3.28471e-06 |126  0.07121  1.42783e-04
127  0.14561  5.28837e-04 |128  0.10335  9.10369e-05 |129  0.09537  1.24971e-04
130  0.08720  1.44959e-04 |131  0.05187  6.24824e-06 |132  0.15793 -2.30060e-05
133  0.07954 -1.33615e-04 |134  0.10071 -1.28625e-04 |135  0.03790 -1.40519e-04
136 -0.03452 -5.60231e-06 |137 -0.03958 -9.09094e-05 |138 -0.04188 -5.32465e-05
139 -0.04303 -4.16427e-05 |140 -0.02625 -6.50214e-05 |141 -0.00970 -8.34695e-05
142 -0.00447  4.13536e-05 |143 -0.80323 -2.13697e-05 |144 -0.38951 -1.82118e-05
145 -0.66532  1.70949e-05 |146 -0.81955  8.02279e-06 |147 -0.76620 -1.33391e-06
148 -0.76314  8.96843e-06 |149 -0.57472 -4.49295e-05 |150 -0.09552 -5.93676e-08
151  0.15508 -1.64684e-04 |152  0.15354  7.57309e-04 |153  0.15166  1.70315e-06
154  0.25197 -2.18911e-04 |155  0.18304  3.16121e-04 |156  0.11629  6.71946e-06
157  0.09226 -2.68551e-04 |158  0.16170  3.35925e-04 |159  0.03161 -1.80954e-04
160  0.18138  3.52132e-04 |161  0.18161 -8.87325e-07 |162  0.36721 -9.13891e-05
163  0.18046  3.04241e-05 |164 -0.11448 -2.69868e-04 |165  0.00788  1.95195e-04
166  0.11706 -7.69068e-05 |167  0.05254  9.80671e-05 |168 -0.14458  2.36824e-06
169  0.07584 -2.30328e-05 |170  1.01900  3.17342e-05 |171  0.42810 -1.08749e-05
172  0.31305  3.90780e-05 |173  0.29552 -8.47239e-05 |174  0.48390 -3.15035e-05
175  0.01636 -4.82609e-05 |
  ic > imax  in fminim is answer attained ?
Var    Value     Gradient |Var    Value     Gradient |Var    Value     Gradient
  1 -0.49960 -2.86040e-05 |  2 -0.31249 -3.84952e-04 |  3 -0.25462 -1.67129e-04
  4 -0.27656  1.66064e-05 |  5 -0.54066  1.83053e-05 |  6  0.09524  2.11157e-04
  7 -0.38689 -9.45227e-04 |  8  0.00265 -6.32490e-06 |  9  0.00274 -2.94152e-06
 10  0.00283 -3.36500e-06 | 11  0.00293 -5.23427e-06 | 12  0.00303 -5.68810e-06
 13  0.00313 -1.56465e-06 | 14  0.00324 -5.87694e-06 | 15  0.00334 -1.17852e-05
 16  0.00346  2.67652e-06 | 17  0.00357 -2.37875e-06 | 18  0.00369 -4.64062e-06
 19  0.00381 -3.28294e-06 | 20  0.00394 -2.76558e-06 | 21  0.00407 -3.42421e-06
 22  0.00420 -7.71541e-06 | 23  0.00433 -8.83435e-07 | 24  0.00448 -2.98196e-06
 25  0.00462 -3.95622e-06 | 26  0.00477 -2.17630e-06 | 27  0.00493 -5.32486e-06
 28  0.00509 -3.69144e-06 | 29  0.00526 -5.35140e-06 | 30  0.00544 -3.62296e-06
 31  0.00561 -3.67872e-06 | 32  0.00578 -7.36633e-06 | 33  0.00594 -5.78886e-06
 34  0.00605 -7.87853e-06 | 35  0.00609 -5.42941e-06 | 36  0.00605 -7.36511e-06
 37  0.00588 -6.38443e-06 | 38  0.00556 -8.03887e-06 | 39  0.00506 -8.92238e-06
 40  0.00436 -8.76066e-06 | 41  0.00346 -7.89844e-06 | 42  0.00239 -6.68996e-06
 43  0.00117 -6.70481e-06 | 44 -0.00015 -1.17458e-05 | 45 -0.00152 -4.40696e-06
 46 -0.00285 -1.13950e-05 | 47 -0.00408 -5.50612e-06 | 48 -0.00515 -1.04815e-05
 49 -0.00604 -9.39248e-06 | 50 -0.00679 -6.17744e-06 | 51 -0.00749 -9.81699e-06
 52 -0.00829 -1.10969e-05 | 53 -0.00933 -8.84855e-06 | 54 -0.01074 -1.17810e-05
 55 -0.01251 -1.69167e-05 | 56 -0.01453 -1.16584e-05 | 57 -0.01652 -1.47925e-05
 58 -0.01816 -1.51591e-05 | 59 -0.01909 -1.27425e-05 | 60 -0.01895 -1.70410e-05
 61 -0.01740 -1.63839e-05 | 62 -0.01406 -1.41141e-05 | 63 -0.00853 -1.78980e-05
 64 -0.00062 -1.35322e-05 | 65  0.00938 -1.92629e-05 | 66  0.02008 -1.59368e-05
 67  0.02835 -1.15485e-05 | 68  0.02958 -1.13905e-05 | 69  0.02135 -9.97372e-06
 70  0.00672 -9.73721e-06 | 71 -0.00898 -2.96813e-06 | 72 -0.02200 -7.24426e-06
 73 -0.03066 -6.29799e-06 | 74 -0.03462 -7.51529e-06 | 75 -0.03438 -6.52893e-06
 76 -0.03126 -5.42002e-06 | 77 -0.02731 -1.03999e-05 | 78 -0.02554 -1.11328e-05
 79 -0.03047 -6.39900e-06 | 80 -0.04339 -1.05695e-05 | 81 -0.05819 -9.77933e-06
 82 -0.06643 -1.17163e-05 | 83 -0.06144 -9.46778e-06 | 84 -0.04247 -1.88691e-05
 85 -0.02203 -1.65202e-05 | 86 -0.00632 -1.89530e-05 | 87  0.01994 -1.40294e-05
 88  0.03687 -2.14470e-05 | 89  0.05989 -5.62913e-05 | 90  0.09194  4.79948e-06
 91  0.03918 -5.66956e-05 | 92  0.00668 -3.73766e-05 | 93  0.01014 -4.81859e-05
 94  0.04292 -8.04181e-05 | 95  0.03474 -4.88459e-05 | 96  0.02564 -5.34694e-05
 97 -0.00794 -2.62474e-05 | 98  0.00859 -2.50774e-05 | 99  0.03259 -2.64586e-05
100  0.06168  2.51693e-07 |101  0.08995  4.00979e-05 |102  0.03825  4.80634e-06
103  0.03269 -1.54150e-05 |104  0.00435 -6.73176e-06 |105 -0.03354 -1.28532e-05
106 -0.06562 -4.87751e-06 |107 -0.09542  1.60944e-05 |108 -0.11347  1.83420e-05
109 -0.12364  6.57696e-06 |110 -0.12268  2.42245e-05 |111 -0.08828  2.70756e-05
112 -0.02269  3.86189e-05 |113 -0.05343  2.97145e-05 |114 -0.12157  2.72223e-05
115 -0.12711  1.84069e-05 |116 -0.10408  1.94366e-05 |117 -0.04045  1.03433e-05
118  0.00554  1.00615e-05 |119 -0.04135  5.48820e-06 |120 -0.01477 -2.69080e-06
121  0.10189 -3.01031e-05 |122  0.03217 -2.88802e-05 |123 -0.03184 -6.96391e-06
124  0.00726 -8.71378e-06 |125  0.06289 -1.00426e-05 |126  0.07121 -7.29708e-06
127  0.14561 -4.75718e-05 |128  0.10335 -1.58162e-05 |129  0.09537 -1.62641e-05
130  0.08720 -4.98292e-06 |131  0.05187 -7.26382e-06 |132  0.15793 -1.07170e-05
133  0.07954 -1.08327e-05 |134  0.10071 -1.85559e-06 |135  0.03790  1.34249e-05
136 -0.03452  3.88371e-06 |137 -0.03958  2.86865e-06 |138 -0.04188 -7.83959e-07
139 -0.04303  3.33437e-06 |140 -0.02625 -3.29585e-06 |141 -0.00970  8.52559e-07
142 -0.00447 -9.08419e-06 |143 -0.80323 -4.23873e-06 |144 -0.38951  2.91194e-07
145 -0.66532 -7.45591e-06 |146 -0.81955  6.75795e-06 |147 -0.76620 -6.29733e-07
148 -0.76314  2.56122e-06 |149 -0.57472 -3.90875e-06 |150 -0.09552 -5.93651e-08
151  0.15508 -4.71457e-06 |152  0.15354 -3.96227e-05 |153  0.15158 -1.90895e-07
154  0.25197 -1.88421e-05 |155  0.18304  1.50847e-05 |156  0.11595  2.22093e-07
157  0.09226 -1.34123e-05 |158  0.16170  5.36345e-05 |159  0.03161 -2.84997e-05
160  0.18138  3.83780e-05 |161  0.18165  1.42348e-07 |162  0.36721 -2.35720e-06
163  0.18046 -3.86115e-06 |164 -0.11448 -1.75769e-05 |165  0.00788  1.85936e-05
166  0.11706 -1.00056e-08 |167  0.05254 -4.05490e-06 |168 -0.14458  1.00253e-05
169  0.07584 -3.28085e-06 |170  1.01900  5.07627e-06 |171  0.42810  2.86499e-05
172  0.31305  2.90016e-06 |173  0.29552 -6.72519e-06 |174  0.48390 -1.79310e-05
175  0.01636  3.05785e-05 |
Function minimizer not making progress ... is minimum attained?
Minimprove criterion = 0.0000e+00

 - final statistics:
175 variables; iteration 235; function evaluation 386
Function value 7.6430e+03; maximum gradient component mag -9.4523e-04
Exit code = 1;  converg criter 1.0000e-04
Var    Value     Gradient |Var    Value     Gradient |Var    Value     Gradient
  1 -0.49960 -2.86040e-05 |  2 -0.31249 -3.84952e-04 |  3 -0.25462 -1.67129e-04
  4 -0.27656  1.66064e-05 |  5 -0.54066  1.83053e-05 |  6  0.09524  2.11157e-04
  7 -0.38689 -9.45227e-04 |  8  0.00265 -6.32490e-06 |  9  0.00274 -2.94152e-06
 10  0.00283 -3.36500e-06 | 11  0.00293 -5.23427e-06 | 12  0.00303 -5.68810e-06
 13  0.00313 -1.56465e-06 | 14  0.00324 -5.87694e-06 | 15  0.00334 -1.17852e-05
 16  0.00346  2.67652e-06 | 17  0.00357 -2.37875e-06 | 18  0.00369 -4.64062e-06
 19  0.00381 -3.28294e-06 | 20  0.00394 -2.76558e-06 | 21  0.00407 -3.42421e-06
 22  0.00420 -7.71541e-06 | 23  0.00433 -8.83435e-07 | 24  0.00448 -2.98196e-06
 25  0.00462 -3.95622e-06 | 26  0.00477 -2.17630e-06 | 27  0.00493 -5.32486e-06
 28  0.00509 -3.69144e-06 | 29  0.00526 -5.35140e-06 | 30  0.00544 -3.62296e-06
 31  0.00561 -3.67872e-06 | 32  0.00578 -7.36633e-06 | 33  0.00594 -5.78886e-06
 34  0.00605 -7.87853e-06 | 35  0.00609 -5.42941e-06 | 36  0.00605 -7.36511e-06
 37  0.00588 -6.38443e-06 | 38  0.00556 -8.03887e-06 | 39  0.00506 -8.92238e-06
 40  0.00436 -8.76066e-06 | 41  0.00346 -7.89844e-06 | 42  0.00239 -6.68996e-06
 43  0.00117 -6.70481e-06 | 44 -0.00015 -1.17458e-05 | 45 -0.00152 -4.40696e-06
 46 -0.00285 -1.13950e-05 | 47 -0.00408 -5.50612e-06 | 48 -0.00515 -1.04815e-05
 49 -0.00604 -9.39248e-06 | 50 -0.00679 -6.17744e-06 | 51 -0.00749 -9.81699e-06
 52 -0.00829 -1.10969e-05 | 53 -0.00933 -8.84855e-06 | 54 -0.01074 -1.17810e-05
 55 -0.01251 -1.69167e-05 | 56 -0.01453 -1.16584e-05 | 57 -0.01652 -1.47925e-05
 58 -0.01816 -1.51591e-05 | 59 -0.01909 -1.27425e-05 | 60 -0.01895 -1.70410e-05
 61 -0.01740 -1.63839e-05 | 62 -0.01406 -1.41141e-05 | 63 -0.00853 -1.78980e-05
 64 -0.00062 -1.35322e-05 | 65  0.00938 -1.92629e-05 | 66  0.02008 -1.59368e-05
 67  0.02835 -1.15485e-05 | 68  0.02958 -1.13905e-05 | 69  0.02135 -9.97372e-06
 70  0.00672 -9.73721e-06 | 71 -0.00898 -2.96813e-06 | 72 -0.02200 -7.24426e-06
 73 -0.03066 -6.29799e-06 | 74 -0.03462 -7.51529e-06 | 75 -0.03438 -6.52893e-06
 76 -0.03126 -5.42002e-06 | 77 -0.02731 -1.03999e-05 | 78 -0.02554 -1.11328e-05
 79 -0.03047 -6.39900e-06 | 80 -0.04339 -1.05695e-05 | 81 -0.05819 -9.77933e-06
 82 -0.06643 -1.17163e-05 | 83 -0.06144 -9.46778e-06 | 84 -0.04247 -1.88691e-05
 85 -0.02203 -1.65202e-05 | 86 -0.00632 -1.89530e-05 | 87  0.01994 -1.40294e-05
 88  0.03687 -2.14470e-05 | 89  0.05989 -5.62913e-05 | 90  0.09194  4.79948e-06
 91  0.03918 -5.66956e-05 | 92  0.00668 -3.73766e-05 | 93  0.01014 -4.81859e-05
 94  0.04292 -8.04181e-05 | 95  0.03474 -4.88459e-05 | 96  0.02564 -5.34694e-05
 97 -0.00794 -2.62474e-05 | 98  0.00859 -2.50774e-05 | 99  0.03259 -2.64586e-05
100  0.06168  2.51693e-07 |101  0.08995  4.00979e-05 |102  0.03825  4.80634e-06
103  0.03269 -1.54150e-05 |104  0.00435 -6.73176e-06 |105 -0.03354 -1.28532e-05
106 -0.06562 -4.87751e-06 |107 -0.09542  1.60944e-05 |108 -0.11347  1.83420e-05
109 -0.12364  6.57696e-06 |110 -0.12268  2.42245e-05 |111 -0.08828  2.70756e-05
112 -0.02269  3.86189e-05 |113 -0.05343  2.97145e-05 |114 -0.12157  2.72223e-05
115 -0.12711  1.84069e-05 |116 -0.10408  1.94366e-05 |117 -0.04045  1.03433e-05
118  0.00554  1.00615e-05 |119 -0.04135  5.48820e-06 |120 -0.01477 -2.69080e-06
121  0.10189 -3.01031e-05 |122  0.03217 -2.88802e-05 |123 -0.03184 -6.96391e-06
124  0.00726 -8.71378e-06 |125  0.06289 -1.00426e-05 |126  0.07121 -7.29708e-06
127  0.14561 -4.75718e-05 |128  0.10335 -1.58162e-05 |129  0.09537 -1.62641e-05
130  0.08720 -4.98292e-06 |131  0.05187 -7.26382e-06 |132  0.15793 -1.07170e-05
133  0.07954 -1.08327e-05 |134  0.10071 -1.85559e-06 |135  0.03790  1.34249e-05
136 -0.03452  3.88371e-06 |137 -0.03958  2.86865e-06 |138 -0.04188 -7.83959e-07
139 -0.04303  3.33437e-06 |140 -0.02625 -3.29585e-06 |141 -0.00970  8.52559e-07
142 -0.00447 -9.08419e-06 |143 -0.80323 -4.23873e-06 |144 -0.38951  2.91194e-07
145 -0.66532 -7.45591e-06 |146 -0.81955  6.75795e-06 |147 -0.76620 -6.29733e-07
148 -0.76314  2.56122e-06 |149 -0.57472 -3.90875e-06 |150 -0.09552 -5.93651e-08
151  0.15508 -4.71457e-06 |152  0.15354 -3.96227e-05 |153  0.15158 -1.90895e-07
154  0.25197 -1.88421e-05 |155  0.18304  1.50847e-05 |156  0.11595  2.22093e-07
157  0.09226 -1.34123e-05 |158  0.16170  5.36345e-05 |159  0.03161 -2.84997e-05
160  0.18138  3.83780e-05 |161  0.18165  1.42348e-07 |162  0.36721 -2.35720e-06
163  0.18046 -3.86115e-06 |164 -0.11448 -1.75769e-05 |165  0.00788  1.85936e-05
166  0.11706 -1.00056e-08 |167  0.05254 -4.05490e-06 |168 -0.14458  1.00253e-05
169  0.07584 -3.28085e-06 |170  1.01900  5.07627e-06 |171  0.42810  2.86499e-05
172  0.31305  2.90016e-06 |173  0.29552 -6.72519e-06 |174  0.48390 -1.79310e-05
175  0.01636  3.05785e-05 |

Initial statistics: 200 variables; iteration 0; function evaluation 0; phase 8
Function value 7.6429732e+03; maximum gradient component mag -9.4523e-04
Var    Value     Gradient |Var    Value     Gradient |Var    Value     Gradient
  1 -0.49960 -2.86040e-05 |  2 -0.31249 -3.84952e-04 |  3 -0.25462 -1.67129e-04
  4 -0.27656  1.66064e-05 |  5 -0.54066  1.83053e-05 |  6  0.09524  2.11157e-04
  7 -0.38689 -9.45227e-04 |  8  0.00265 -6.32490e-06 |  9  0.00274 -2.94152e-06
 10  0.00283 -3.36500e-06 | 11  0.00293 -5.23427e-06 | 12  0.00303 -5.68810e-06
 13  0.00313 -1.56464e-06 | 14  0.00324 -5.87694e-06 | 15  0.00334 -1.17852e-05
 16  0.00346  2.67652e-06 | 17  0.00357 -2.37875e-06 | 18  0.00369 -4.64062e-06
 19  0.00381 -3.28294e-06 | 20  0.00394 -2.76558e-06 | 21  0.00407 -3.42421e-06
 22  0.00420 -7.71541e-06 | 23  0.00433 -8.83434e-07 | 24  0.00448 -2.98195e-06
 25  0.00462 -3.95621e-06 | 26  0.00477 -2.17630e-06 | 27  0.00493 -5.32486e-06
 28  0.00509 -3.69144e-06 | 29  0.00526 -5.35140e-06 | 30  0.00544 -3.62296e-06
 31  0.00561 -3.67872e-06 | 32  0.00578 -7.36633e-06 | 33  0.00594 -5.78885e-06
 34  0.00605 -7.87853e-06 | 35  0.00609 -5.42940e-06 | 36  0.00605 -7.36510e-06
 37  0.00588 -6.38443e-06 | 38  0.00556 -8.03887e-06 | 39  0.00506 -8.92238e-06
 40  0.00436 -8.76065e-06 | 41  0.00346 -7.89843e-06 | 42  0.00239 -6.68995e-06
 43  0.00117 -6.70481e-06 | 44 -0.00015 -1.17458e-05 | 45 -0.00152 -4.40696e-06
 46 -0.00285 -1.13950e-05 | 47 -0.00408 -5.50612e-06 | 48 -0.00515 -1.04815e-05
 49 -0.00604 -9.39248e-06 | 50 -0.00679 -6.17744e-06 | 51 -0.00749 -9.81699e-06
 52 -0.00829 -1.10969e-05 | 53 -0.00933 -8.84855e-06 | 54 -0.01074 -1.17810e-05
 55 -0.01251 -1.69167e-05 | 56 -0.01453 -1.16584e-05 | 57 -0.01652 -1.47925e-05
 58 -0.01816 -1.51591e-05 | 59 -0.01909 -1.27425e-05 | 60 -0.01895 -1.70410e-05
 61 -0.01740 -1.63839e-05 | 62 -0.01406 -1.41141e-05 | 63 -0.00853 -1.78980e-05
 64 -0.00062 -1.35322e-05 | 65  0.00938 -1.92629e-05 | 66  0.02008 -1.59368e-05
 67  0.02835 -1.15485e-05 | 68  0.02958 -1.13905e-05 | 69  0.02135 -9.97371e-06
 70  0.00672 -9.73721e-06 | 71 -0.00898 -2.96813e-06 | 72 -0.02200 -7.24426e-06
 73 -0.03066 -6.29799e-06 | 74 -0.03462 -7.51528e-06 | 75 -0.03438 -6.52893e-06
 76 -0.03126 -5.42002e-06 | 77 -0.02731 -1.03999e-05 | 78 -0.02554 -1.11328e-05
 79 -0.03047 -6.39900e-06 | 80 -0.04339 -1.05694e-05 | 81 -0.05819 -9.77933e-06
 82 -0.06643 -1.17163e-05 | 83 -0.06144 -9.46778e-06 | 84 -0.04247 -1.88691e-05
 85 -0.02203 -1.65202e-05 | 86 -0.00632 -1.89530e-05 | 87  0.01994 -1.40294e-05
 88  0.03687 -2.14470e-05 | 89  0.05989 -5.62913e-05 | 90  0.09194  4.79948e-06
 91  0.03918 -5.66956e-05 | 92  0.00668 -3.73766e-05 | 93  0.01014 -4.81859e-05
 94  0.04292 -8.04181e-05 | 95  0.03474 -4.88459e-05 | 96  0.02564 -5.34694e-05
 97 -0.00794 -2.62474e-05 | 98  0.00859 -2.50774e-05 | 99  0.03259 -2.71824e-05
100  0.06168 -4.69650e-07 |101  0.08995  3.93803e-05 |102  0.03825  4.08291e-06
103  0.03269 -1.61388e-05 |104  0.00435 -7.45648e-06 |105 -0.03354 -1.35769e-05
106 -0.06562 -5.59841e-06 |107 -0.09542  1.53777e-05 |108 -0.11347  1.76288e-05
109 -0.12364  5.86585e-06 |110 -0.12268  2.35132e-05 |111 -0.08828  2.63578e-05
112 -0.02269  3.78946e-05 |113 -0.05343  2.89923e-05 |114 -0.12157  2.65107e-05
115 -0.12711  1.76965e-05 |116 -0.10408  1.87215e-05 |117 -0.04045  9.61998e-06
118  0.00554  9.33680e-06 |119 -0.04135  4.76498e-06 |120 -0.01477 -3.41534e-06
121  0.10189 -3.08186e-05 |122  0.03217 -2.96040e-05 |123 -0.03184 -7.68775e-06
124  0.00726 -9.43847e-06 |125  0.06289 -1.07638e-05 |126  0.07121 -8.01730e-06
127  0.14561 -4.82776e-05 |128  0.10335 -1.65315e-05 |129  0.09537 -1.69807e-05
130  0.08720 -5.70087e-06 |131  0.05187 -7.98616e-06 |132  0.15793 -1.14196e-05
133  0.07954 -1.15518e-05 |134  0.10071 -2.57128e-06 |135  0.03790  1.27014e-05
136 -0.03452  3.16003e-06 |137 -0.03958  2.14531e-06 |138 -0.04188 -1.50713e-06
139 -0.04303  2.61128e-06 |140 -0.02625 -4.01998e-06 |141 -0.00970  1.27900e-07
142 -0.00447 -9.80892e-06 |143  0.00000  0.00000e+00 |144  0.00000  0.00000e+00
145  0.00000  0.00000e+00 |146  0.00000  0.00000e+00 |147  0.00000  0.00000e+00
148  0.00000  0.00000e+00 |149  0.00000  0.00000e+00 |150  0.00000  0.00000e+00
151  0.00000  0.00000e+00 |152  0.00000  0.00000e+00 |153  0.00000  0.00000e+00
154  0.00000  0.00000e+00 |155  0.00000  0.00000e+00 |156  0.00000  0.00000e+00
157  0.00000  0.00000e+00 |158  0.00000  0.00000e+00 |159  0.00000  0.00000e+00
160  0.00000  0.00000e+00 |161  0.00000  0.00000e+00 |162  0.00000  0.00000e+00
163  0.00000  0.00000e+00 |164  0.00000  0.00000e+00 |165  0.00000  0.00000e+00
166  0.00000  0.00000e+00 |167  0.00000  0.00000e+00 |168 -0.80323 -4.23873e-06
169 -0.38951  2.91194e-07 |170 -0.66532 -7.45591e-06 |171 -0.81955  6.75795e-06
172 -0.76620 -6.29732e-07 |173 -0.76314  2.56122e-06 |174 -0.57472 -3.90875e-06
175 -0.09552 -5.93651e-08 |176  0.15508 -4.71457e-06 |177  0.15354 -3.96227e-05
178  0.15158 -1.90895e-07 |179  0.25197 -1.88421e-05 |180  0.18304  1.50847e-05
181  0.11595  2.22093e-07 |182  0.09226 -1.34123e-05 |183  0.16170  5.36345e-05
184  0.03161 -2.84997e-05 |185  0.18138  3.83780e-05 |186  0.18165  1.42348e-07
187  0.36721 -2.35720e-06 |188  0.18046 -3.86115e-06 |189 -0.11448 -1.75768e-05
190  0.00788  1.85936e-05 |191  0.11706 -1.00053e-08 |192  0.05254 -4.05490e-06
193 -0.14458  1.00253e-05 |194  0.07584 -3.28085e-06 |195  0.98100 -5.07627e-06
196  0.42810  2.86499e-05 |197  0.31305  2.90016e-06 |198  0.29552 -6.72519e-06
199  0.48390 -1.79310e-05 |200  0.01636  3.05785e-05 |
  ic > imax  in fminim is answer attained ?
Var    Value     Gradient |Var    Value     Gradient |Var    Value     Gradient
  1 -0.49960 -2.86040e-05 |  2 -0.31249 -3.84952e-04 |  3 -0.25462 -1.67129e-04
  4 -0.27656  1.66064e-05 |  5 -0.54066  1.83053e-05 |  6  0.09524  2.11157e-04
  7 -0.38689 -9.45227e-04 |  8  0.00265 -6.32490e-06 |  9  0.00274 -2.94152e-06
 10  0.00283 -3.36500e-06 | 11  0.00293 -5.23427e-06 | 12  0.00303 -5.68810e-06
 13  0.00313 -1.56464e-06 | 14  0.00324 -5.87694e-06 | 15  0.00334 -1.17852e-05
 16  0.00346  2.67652e-06 | 17  0.00357 -2.37875e-06 | 18  0.00369 -4.64062e-06
 19  0.00381 -3.28294e-06 | 20  0.00394 -2.76558e-06 | 21  0.00407 -3.42421e-06
 22  0.00420 -7.71541e-06 | 23  0.00433 -8.83434e-07 | 24  0.00448 -2.98195e-06
 25  0.00462 -3.95621e-06 | 26  0.00477 -2.17630e-06 | 27  0.00493 -5.32486e-06
 28  0.00509 -3.69144e-06 | 29  0.00526 -5.35140e-06 | 30  0.00544 -3.62296e-06
 31  0.00561 -3.67872e-06 | 32  0.00578 -7.36633e-06 | 33  0.00594 -5.78885e-06
 34  0.00605 -7.87853e-06 | 35  0.00609 -5.42940e-06 | 36  0.00605 -7.36510e-06
 37  0.00588 -6.38443e-06 | 38  0.00556 -8.03887e-06 | 39  0.00506 -8.92238e-06
 40  0.00436 -8.76065e-06 | 41  0.00346 -7.89843e-06 | 42  0.00239 -6.68995e-06
 43  0.00117 -6.70481e-06 | 44 -0.00015 -1.17458e-05 | 45 -0.00152 -4.40696e-06
 46 -0.00285 -1.13950e-05 | 47 -0.00408 -5.50612e-06 | 48 -0.00515 -1.04815e-05
 49 -0.00604 -9.39248e-06 | 50 -0.00679 -6.17744e-06 | 51 -0.00749 -9.81699e-06
 52 -0.00829 -1.10969e-05 | 53 -0.00933 -8.84855e-06 | 54 -0.01074 -1.17810e-05
 55 -0.01251 -1.69167e-05 | 56 -0.01453 -1.16584e-05 | 57 -0.01652 -1.47925e-05
 58 -0.01816 -1.51591e-05 | 59 -0.01909 -1.27425e-05 | 60 -0.01895 -1.70410e-05
 61 -0.01740 -1.63839e-05 | 62 -0.01406 -1.41141e-05 | 63 -0.00853 -1.78980e-05
 64 -0.00062 -1.35322e-05 | 65  0.00938 -1.92629e-05 | 66  0.02008 -1.59368e-05
 67  0.02835 -1.15485e-05 | 68  0.02958 -1.13905e-05 | 69  0.02135 -9.97371e-06
 70  0.00672 -9.73721e-06 | 71 -0.00898 -2.96813e-06 | 72 -0.02200 -7.24426e-06
 73 -0.03066 -6.29799e-06 | 74 -0.03462 -7.51528e-06 | 75 -0.03438 -6.52893e-06
 76 -0.03126 -5.42002e-06 | 77 -0.02731 -1.03999e-05 | 78 -0.02554 -1.11328e-05
 79 -0.03047 -6.39900e-06 | 80 -0.04339 -1.05694e-05 | 81 -0.05819 -9.77933e-06
 82 -0.06643 -1.17163e-05 | 83 -0.06144 -9.46778e-06 | 84 -0.04247 -1.88691e-05
 85 -0.02203 -1.65202e-05 | 86 -0.00632 -1.89530e-05 | 87  0.01994 -1.40294e-05
 88  0.03687 -2.14470e-05 | 89  0.05989 -5.62913e-05 | 90  0.09194  4.79948e-06
 91  0.03918 -5.66956e-05 | 92  0.00668 -3.73766e-05 | 93  0.01014 -4.81859e-05
 94  0.04292 -8.04181e-05 | 95  0.03474 -4.88459e-05 | 96  0.02564 -5.34694e-05
 97 -0.00794 -2.62474e-05 | 98  0.00859 -2.50774e-05 | 99  0.03259 -2.71824e-05
100  0.06168 -4.69650e-07 |101  0.08995  3.93803e-05 |102  0.03825  4.08291e-06
103  0.03269 -1.61388e-05 |104  0.00435 -7.45648e-06 |105 -0.03354 -1.35769e-05
106 -0.06562 -5.59841e-06 |107 -0.09542  1.53777e-05 |108 -0.11347  1.76288e-05
109 -0.12364  5.86585e-06 |110 -0.12268  2.35132e-05 |111 -0.08828  2.63578e-05
112 -0.02269  3.78946e-05 |113 -0.05343  2.89923e-05 |114 -0.12157  2.65107e-05
115 -0.12711  1.76965e-05 |116 -0.10408  1.87215e-05 |117 -0.04045  9.61998e-06
118  0.00554  9.33680e-06 |119 -0.04135  4.76498e-06 |120 -0.01477 -3.41534e-06
121  0.10189 -3.08186e-05 |122  0.03217 -2.96040e-05 |123 -0.03184 -7.68775e-06
124  0.00726 -9.43847e-06 |125  0.06289 -1.07638e-05 |126  0.07121 -8.01730e-06
127  0.14561 -4.82776e-05 |128  0.10335 -1.65315e-05 |129  0.09537 -1.69807e-05
130  0.08720 -5.70087e-06 |131  0.05187 -7.98616e-06 |132  0.15793 -1.14196e-05
133  0.07954 -1.15518e-05 |134  0.10071 -2.57128e-06 |135  0.03790  1.27014e-05
136 -0.03452  3.16003e-06 |137 -0.03958  2.14531e-06 |138 -0.04188 -1.50713e-06
139 -0.04303  2.61128e-06 |140 -0.02625 -4.01998e-06 |141 -0.00970  1.27900e-07
142 -0.00447 -9.80892e-06 |143  0.00000  0.00000e+00 |144  0.00000  0.00000e+00
145  0.00000  0.00000e+00 |146  0.00000  0.00000e+00 |147  0.00000  0.00000e+00
148  0.00000  0.00000e+00 |149  0.00000  0.00000e+00 |150  0.00000  0.00000e+00
151  0.00000  0.00000e+00 |152  0.00000  0.00000e+00 |153  0.00000  0.00000e+00
154  0.00000  0.00000e+00 |155  0.00000  0.00000e+00 |156  0.00000  0.00000e+00
157  0.00000  0.00000e+00 |158  0.00000  0.00000e+00 |159  0.00000  0.00000e+00
160  0.00000  0.00000e+00 |161  0.00000  0.00000e+00 |162  0.00000  0.00000e+00
163  0.00000  0.00000e+00 |164  0.00000  0.00000e+00 |165  0.00000  0.00000e+00
166  0.00000  0.00000e+00 |167  0.00000  0.00000e+00 |168 -0.80323 -4.23873e-06
169 -0.38951  2.91194e-07 |170 -0.66532 -7.45591e-06 |171 -0.81955  6.75795e-06
172 -0.76620 -6.29732e-07 |173 -0.76314  2.56122e-06 |174 -0.57472 -3.90875e-06
175 -0.09552 -5.93651e-08 |176  0.15508 -4.71457e-06 |177  0.15354 -3.96227e-05
178  0.15158 -1.90895e-07 |179  0.25197 -1.88421e-05 |180  0.18304  1.50847e-05
181  0.11595  2.22093e-07 |182  0.09226 -1.34123e-05 |183  0.16170  5.36345e-05
184  0.03161 -2.84997e-05 |185  0.18138  3.83780e-05 |186  0.18165  1.42348e-07
187  0.36721 -2.35720e-06 |188  0.18046 -3.86115e-06 |189 -0.11448 -1.75768e-05
190  0.00788  1.85936e-05 |191  0.11706 -1.00053e-08 |192  0.05254 -4.05490e-06
193 -0.14458  1.00253e-05 |194  0.07584 -3.28085e-06 |195  0.98100 -5.07627e-06
196  0.42810  2.86499e-05 |197  0.31305  2.90016e-06 |198  0.29552 -6.72519e-06
199  0.48390 -1.79310e-05 |200  0.01636  3.05785e-05 |
Function minimizer not making progress ... is minimum attained?
Minimprove criterion = 0.0000e+00
Warning: the following parameters had issues
  selparm[49] is within 0.1% of upper bound: 2.0000e+01 < 7.9987e+01 < 8.0000e+01


 - final statistics:
200 variables; iteration 1; function evaluation 30
Function value 7.6430e+03; maximum gradient component mag -9.4523e-04
Exit code = 1;  converg criter 1.0000e-04
Var    Value     Gradient |Var    Value     Gradient |Var    Value     Gradient
  1 -0.49960 -2.86040e-05 |  2 -0.31249 -3.84952e-04 |  3 -0.25462 -1.67129e-04
  4 -0.27656  1.66064e-05 |  5 -0.54066  1.83053e-05 |  6  0.09524  2.11157e-04
  7 -0.38689 -9.45227e-04 |  8  0.00265 -6.32490e-06 |  9  0.00274 -2.94152e-06
 10  0.00283 -3.36500e-06 | 11  0.00293 -5.23427e-06 | 12  0.00303 -5.68810e-06
 13  0.00313 -1.56464e-06 | 14  0.00324 -5.87694e-06 | 15  0.00334 -1.17852e-05
 16  0.00346  2.67652e-06 | 17  0.00357 -2.37875e-06 | 18  0.00369 -4.64062e-06
 19  0.00381 -3.28294e-06 | 20  0.00394 -2.76558e-06 | 21  0.00407 -3.42421e-06
 22  0.00420 -7.71541e-06 | 23  0.00433 -8.83434e-07 | 24  0.00448 -2.98195e-06
 25  0.00462 -3.95621e-06 | 26  0.00477 -2.17630e-06 | 27  0.00493 -5.32486e-06
 28  0.00509 -3.69144e-06 | 29  0.00526 -5.35140e-06 | 30  0.00544 -3.62296e-06
 31  0.00561 -3.67872e-06 | 32  0.00578 -7.36633e-06 | 33  0.00594 -5.78885e-06
 34  0.00605 -7.87853e-06 | 35  0.00609 -5.42940e-06 | 36  0.00605 -7.36510e-06
 37  0.00588 -6.38443e-06 | 38  0.00556 -8.03887e-06 | 39  0.00506 -8.92238e-06
 40  0.00436 -8.76065e-06 | 41  0.00346 -7.89843e-06 | 42  0.00239 -6.68995e-06
 43  0.00117 -6.70481e-06 | 44 -0.00015 -1.17458e-05 | 45 -0.00152 -4.40696e-06
 46 -0.00285 -1.13950e-05 | 47 -0.00408 -5.50612e-06 | 48 -0.00515 -1.04815e-05
 49 -0.00604 -9.39248e-06 | 50 -0.00679 -6.17744e-06 | 51 -0.00749 -9.81699e-06
 52 -0.00829 -1.10969e-05 | 53 -0.00933 -8.84855e-06 | 54 -0.01074 -1.17810e-05
 55 -0.01251 -1.69167e-05 | 56 -0.01453 -1.16584e-05 | 57 -0.01652 -1.47925e-05
 58 -0.01816 -1.51591e-05 | 59 -0.01909 -1.27425e-05 | 60 -0.01895 -1.70410e-05
 61 -0.01740 -1.63839e-05 | 62 -0.01406 -1.41141e-05 | 63 -0.00853 -1.78980e-05
 64 -0.00062 -1.35322e-05 | 65  0.00938 -1.92629e-05 | 66  0.02008 -1.59368e-05
 67  0.02835 -1.15485e-05 | 68  0.02958 -1.13905e-05 | 69  0.02135 -9.97371e-06
 70  0.00672 -9.73721e-06 | 71 -0.00898 -2.96813e-06 | 72 -0.02200 -7.24426e-06
 73 -0.03066 -6.29799e-06 | 74 -0.03462 -7.51528e-06 | 75 -0.03438 -6.52893e-06
 76 -0.03126 -5.42002e-06 | 77 -0.02731 -1.03999e-05 | 78 -0.02554 -1.11328e-05
 79 -0.03047 -6.39900e-06 | 80 -0.04339 -1.05694e-05 | 81 -0.05819 -9.77933e-06
 82 -0.06643 -1.17163e-05 | 83 -0.06144 -9.46778e-06 | 84 -0.04247 -1.88691e-05
 85 -0.02203 -1.65202e-05 | 86 -0.00632 -1.89530e-05 | 87  0.01994 -1.40294e-05
 88  0.03687 -2.14470e-05 | 89  0.05989 -5.62913e-05 | 90  0.09194  4.79948e-06
 91  0.03918 -5.66956e-05 | 92  0.00668 -3.73766e-05 | 93  0.01014 -4.81859e-05
 94  0.04292 -8.04181e-05 | 95  0.03474 -4.88459e-05 | 96  0.02564 -5.34694e-05
 97 -0.00794 -2.62474e-05 | 98  0.00859 -2.50774e-05 | 99  0.03259 -2.71824e-05
100  0.06168 -4.69650e-07 |101  0.08995  3.93803e-05 |102  0.03825  4.08291e-06
103  0.03269 -1.61388e-05 |104  0.00435 -7.45648e-06 |105 -0.03354 -1.35769e-05
106 -0.06562 -5.59841e-06 |107 -0.09542  1.53777e-05 |108 -0.11347  1.76288e-05
109 -0.12364  5.86585e-06 |110 -0.12268  2.35132e-05 |111 -0.08828  2.63578e-05
112 -0.02269  3.78946e-05 |113 -0.05343  2.89923e-05 |114 -0.12157  2.65107e-05
115 -0.12711  1.76965e-05 |116 -0.10408  1.87215e-05 |117 -0.04045  9.61998e-06
118  0.00554  9.33680e-06 |119 -0.04135  4.76498e-06 |120 -0.01477 -3.41534e-06
121  0.10189 -3.08186e-05 |122  0.03217 -2.96040e-05 |123 -0.03184 -7.68775e-06
124  0.00726 -9.43847e-06 |125  0.06289 -1.07638e-05 |126  0.07121 -8.01730e-06
127  0.14561 -4.82776e-05 |128  0.10335 -1.65315e-05 |129  0.09537 -1.69807e-05
130  0.08720 -5.70087e-06 |131  0.05187 -7.98616e-06 |132  0.15793 -1.14196e-05
133  0.07954 -1.15518e-05 |134  0.10071 -2.57128e-06 |135  0.03790  1.27014e-05
136 -0.03452  3.16003e-06 |137 -0.03958  2.14531e-06 |138 -0.04188 -1.50713e-06
139 -0.04303  2.61128e-06 |140 -0.02625 -4.01998e-06 |141 -0.00970  1.27900e-07
142 -0.00447 -9.80892e-06 |143  0.00000  0.00000e+00 |144  0.00000  0.00000e+00
145  0.00000  0.00000e+00 |146  0.00000  0.00000e+00 |147  0.00000  0.00000e+00
148  0.00000  0.00000e+00 |149  0.00000  0.00000e+00 |150  0.00000  0.00000e+00
151  0.00000  0.00000e+00 |152  0.00000  0.00000e+00 |153  0.00000  0.00000e+00
154  0.00000  0.00000e+00 |155  0.00000  0.00000e+00 |156  0.00000  0.00000e+00
157  0.00000  0.00000e+00 |158  0.00000  0.00000e+00 |159  0.00000  0.00000e+00
160  0.00000  0.00000e+00 |161  0.00000  0.00000e+00 |162  0.00000  0.00000e+00
163  0.00000  0.00000e+00 |164  0.00000  0.00000e+00 |165  0.00000  0.00000e+00
166  0.00000  0.00000e+00 |167  0.00000  0.00000e+00 |168 -0.80323 -4.23873e-06
169 -0.38951  2.91194e-07 |170 -0.66532 -7.45591e-06 |171 -0.81955  6.75795e-06
172 -0.76620 -6.29732e-07 |173 -0.76314  2.56122e-06 |174 -0.57472 -3.90875e-06
175 -0.09552 -5.93651e-08 |176  0.15508 -4.71457e-06 |177  0.15354 -3.96227e-05
178  0.15158 -1.90895e-07 |179  0.25197 -1.88421e-05 |180  0.18304  1.50847e-05
181  0.11595  2.22093e-07 |182  0.09226 -1.34123e-05 |183  0.16170  5.36345e-05
184  0.03161 -2.84997e-05 |185  0.18138  3.83780e-05 |186  0.18165  1.42348e-07
187  0.36721 -2.35720e-06 |188  0.18046 -3.86115e-06 |189 -0.11448 -1.75768e-05
190  0.00788  1.85936e-05 |191  0.11706 -1.00053e-08 |192  0.05254 -4.05490e-06
193 -0.14458  1.00253e-05 |194  0.07584 -3.28085e-06 |195  0.98100 -5.07627e-06
196  0.42810  2.86499e-05 |197  0.31305  2.90016e-06 |198  0.29552 -6.72519e-06
199  0.48390 -1.79310e-05 |200  0.01636  3.05785e-05 |
size of file gradfil1.tmp = 0
size of file gradfil2.tmp = 0
size of file varssave.tmp = 0
size of file cmpdiff.tmp = 200000008
